>> Writing PID to /Users/savd/RubymineProjects/tasks/config/thin/tmp/thin.pid
>> Thin web server (v1.3.1 codename Triple Espresso)
>> Maximum connections set to 1024
>> Listening on 0.0.0.0:4567, CTRL+C to stop
127.0.0.1 - - [01/Oct/2012 17:29:15] "GET / HTTP/1.1" 200 595 0.0139
127.0.0.1 - - [01/Oct/2012 17:29:15] "GET /js/right-src.js HTTP/1.1" 200 154863 0.0108
127.0.0.1 - - [01/Oct/2012 17:29:15] "GET /js/main.js HTTP/1.1" 200 4649 0.0006
127.0.0.1 - - [01/Oct/2012 17:29:15] "GET /js/right-keys.js HTTP/1.1" 200 968 0.0004
127.0.0.1 - - [01/Oct/2012 17:29:15] "GET /css/main.css HTTP/1.1" 200 397 0.0407
SyntaxError - /Users/savd/RubymineProjects/tasks/templates/tasks_show.haml:5: syntax error, unexpected ':', expecting ')'
...ut.attributes({}, nil, 'class': 'task_body', rel: i)}>#{_ham...
...                               ^
/Users/savd/RubymineProjects/tasks/templates/tasks_show.haml:5: syntax error, unexpected ',', expecting '}'
...({}, nil, 'class': 'task_body', rel: i)}>#{_hamlout.adjust_t...
...                               ^
/Users/savd/RubymineProjects/tasks/templates/tasks_show.haml:7: unknown regexp option - a
/Users/savd/RubymineProjects/tasks/templates/tasks_show.haml:7: syntax error, unexpected $undefined
...: i, class: 'task_del')}>X</a>\n    </td>\n  </tr>\n", -2, f...
...                               ^
/Users/savd/RubymineProjects/tasks/templates/tasks_show.haml:7: unknown regexp options - tr
/Users/savd/RubymineProjects/tasks/templates/tasks_show.haml:7: syntax error, unexpected $undefined
...l')}>X</a>\n    </td>\n  </tr>\n", -2, false);
...                               ^
/Users/savd/RubymineProjects/tasks/templates/tasks_show.haml:10: unterminated regexp meets end of file
/Users/savd/RubymineProjects/tasks/templates/tasks_show.haml:10: syntax error, unexpected $end, expecting '}':
	/Users/savd/.rvm/gems/ruby-1.9.3-p194/gems/tilt-1.3.3/lib/tilt/template.rb:209:in `instance_eval'
	/Users/savd/.rvm/gems/ruby-1.9.3-p194/gems/tilt-1.3.3/lib/tilt/template.rb:209:in `evaluate_source'
	/Users/savd/.rvm/gems/ruby-1.9.3-p194/gems/tilt-1.3.3/lib/tilt/template.rb:144:in `cached_evaluate'
	/Users/savd/.rvm/gems/ruby-1.9.3-p194/gems/tilt-1.3.3/lib/tilt/template.rb:127:in `evaluate'
	/Users/savd/.rvm/gems/ruby-1.9.3-p194/gems/tilt-1.3.3/lib/tilt/haml.rb:24:in `evaluate'
	/Users/savd/.rvm/gems/ruby-1.9.3-p194/gems/tilt-1.3.3/lib/tilt/template.rb:76:in `render'
	/Users/savd/.rvm/gems/ruby-1.9.3-p194/gems/sinatra-1.3.3/lib/sinatra/base.rb:686:in `render'
	/Users/savd/.rvm/gems/ruby-1.9.3-p194/gems/sinatra-1.3.3/lib/sinatra/base.rb:582:in `haml'
	/Users/savd/RubymineProjects/tasks/tasks.rb:25:in `block in <top (required)>'
	/Users/savd/.rvm/gems/ruby-1.9.3-p194/gems/sinatra-1.3.3/lib/sinatra/base.rb:1265:in `call'
	/Users/savd/.rvm/gems/ruby-1.9.3-p194/gems/sinatra-1.3.3/lib/sinatra/base.rb:1265:in `block in compile!'
	/Users/savd/.rvm/gems/ruby-1.9.3-p194/gems/sinatra-1.3.3/lib/sinatra/base.rb:835:in `[]'
	/Users/savd/.rvm/gems/ruby-1.9.3-p194/gems/sinatra-1.3.3/lib/sinatra/base.rb:835:in `block (3 levels) in route!'
	/Users/savd/.rvm/gems/ruby-1.9.3-p194/gems/sinatra-1.3.3/lib/sinatra/base.rb:851:in `route_eval'
	/Users/savd/.rvm/gems/ruby-1.9.3-p194/gems/sinatra-1.3.3/lib/sinatra/base.rb:835:in `block (2 levels) in route!'
	/Users/savd/.rvm/gems/ruby-1.9.3-p194/gems/sinatra-1.3.3/lib/sinatra/base.rb:872:in `block in process_route'
	/Users/savd/.rvm/gems/ruby-1.9.3-p194/gems/sinatra-1.3.3/lib/sinatra/base.rb:870:in `catch'
	/Users/savd/.rvm/gems/ruby-1.9.3-p194/gems/sinatra-1.3.3/lib/sinatra/base.rb:870:in `process_route'
	/Users/savd/.rvm/gems/ruby-1.9.3-p194/gems/sinatra-1.3.3/lib/sinatra/base.rb:834:in `block in route!'
	/Users/savd/.rvm/gems/ruby-1.9.3-p194/gems/sinatra-1.3.3/lib/sinatra/base.rb:833:in `each'
	/Users/savd/.rvm/gems/ruby-1.9.3-p194/gems/sinatra-1.3.3/lib/sinatra/base.rb:833:in `route!'
	/Users/savd/.rvm/gems/ruby-1.9.3-p194/gems/sinatra-1.3.3/lib/sinatra/base.rb:936:in `dispatch!'
	/Users/savd/.rvm/gems/ruby-1.9.3-p194/gems/sinatra-1.3.3/lib/sinatra/base.rb:769:in `block in call!'
	/Users/savd/.rvm/gems/ruby-1.9.3-p194/gems/sinatra-1.3.3/lib/sinatra/base.rb:921:in `block in invoke'
	/Users/savd/.rvm/gems/ruby-1.9.3-p194/gems/sinatra-1.3.3/lib/sinatra/base.rb:921:in `catch'
	/Users/savd/.rvm/gems/ruby-1.9.3-p194/gems/sinatra-1.3.3/lib/sinatra/base.rb:921:in `invoke'
	/Users/savd/.rvm/gems/ruby-1.9.3-p194/gems/sinatra-1.3.3/lib/sinatra/base.rb:769:in `call!'
	/Users/savd/.rvm/gems/ruby-1.9.3-p194/gems/sinatra-1.3.3/lib/sinatra/base.rb:755:in `call'
	/Users/savd/.rvm/gems/ruby-1.9.3-p194/gems/rack-protection-1.2.0/lib/rack/protection/xss_header.rb:22:in `call'
	/Users/savd/.rvm/gems/ruby-1.9.3-p194/gems/rack-protection-1.2.0/lib/rack/protection/path_traversal.rb:16:in `call'
	/Users/savd/.rvm/gems/ruby-1.9.3-p194/gems/rack-protection-1.2.0/lib/rack/protection/json_csrf.rb:17:in `call'
	/Users/savd/.rvm/gems/ruby-1.9.3-p194/gems/rack-protection-1.2.0/lib/rack/protection/base.rb:47:in `call'
	/Users/savd/.rvm/gems/ruby-1.9.3-p194/gems/rack-protection-1.2.0/lib/rack/protection/xss_header.rb:22:in `call'
	/Users/savd/.rvm/gems/ruby-1.9.3-p194/gems/rack-1.4.1/lib/rack/logger.rb:15:in `call'
	/Users/savd/.rvm/gems/ruby-1.9.3-p194/gems/rack-1.4.1/lib/rack/commonlogger.rb:20:in `call'
	/Users/savd/.rvm/gems/ruby-1.9.3-p194/gems/sinatra-1.3.3/lib/sinatra/base.rb:136:in `call'
	/Users/savd/.rvm/gems/ruby-1.9.3-p194/gems/sinatra-1.3.3/lib/sinatra/base.rb:129:in `call'
	/Users/savd/.rvm/gems/ruby-1.9.3-p194/gems/rack-1.4.1/lib/rack/head.rb:9:in `call'
	/Users/savd/.rvm/gems/ruby-1.9.3-p194/gems/rack-1.4.1/lib/rack/methodoverride.rb:21:in `call'
	/Users/savd/.rvm/gems/ruby-1.9.3-p194/gems/sinatra-1.3.3/lib/sinatra/showexceptions.rb:21:in `call'
	/Users/savd/.rvm/gems/ruby-1.9.3-p194/gems/sinatra-1.3.3/lib/sinatra/base.rb:99:in `call'
	/Users/savd/.rvm/gems/ruby-1.9.3-p194/gems/sinatra-1.3.3/lib/sinatra/base.rb:1389:in `block in call'
	/Users/savd/.rvm/gems/ruby-1.9.3-p194/gems/sinatra-1.3.3/lib/sinatra/base.rb:1471:in `synchronize'
	/Users/savd/.rvm/gems/ruby-1.9.3-p194/gems/sinatra-1.3.3/lib/sinatra/base.rb:1389:in `call'
	/Users/savd/.rvm/gems/ruby-1.9.3-p194/gems/thin-1.3.1/lib/thin/connection.rb:80:in `block in pre_process'
	/Users/savd/.rvm/gems/ruby-1.9.3-p194/gems/thin-1.3.1/lib/thin/connection.rb:78:in `catch'
	/Users/savd/.rvm/gems/ruby-1.9.3-p194/gems/thin-1.3.1/lib/thin/connection.rb:78:in `pre_process'
	/Users/savd/.rvm/gems/ruby-1.9.3-p194/gems/thin-1.3.1/lib/thin/connection.rb:53:in `process'
	/Users/savd/.rvm/gems/ruby-1.9.3-p194/gems/thin-1.3.1/lib/thin/connection.rb:38:in `receive_data'
	/Users/savd/.rvm/gems/ruby-1.9.3-p194/gems/eventmachine-0.12.10/lib/eventmachine.rb:256:in `run_machine'
	/Users/savd/.rvm/gems/ruby-1.9.3-p194/gems/eventmachine-0.12.10/lib/eventmachine.rb:256:in `run'
	/Users/savd/.rvm/gems/ruby-1.9.3-p194/gems/thin-1.3.1/lib/thin/backends/base.rb:61:in `start'
	/Users/savd/.rvm/gems/ruby-1.9.3-p194/gems/thin-1.3.1/lib/thin/server.rb:159:in `start'
	/Users/savd/.rvm/gems/ruby-1.9.3-p194/gems/thin-1.3.1/lib/thin/controllers/controller.rb:86:in `start'
	/Users/savd/.rvm/gems/ruby-1.9.3-p194/gems/thin-1.3.1/lib/thin/runner.rb:185:in `run_command'
	/Users/savd/.rvm/gems/ruby-1.9.3-p194/gems/thin-1.3.1/lib/thin/runner.rb:151:in `run!'
	/Users/savd/.rvm/gems/ruby-1.9.3-p194/gems/thin-1.3.1/bin/thin:6:in `<top (required)>'
	/Users/savd/.rvm/gems/ruby-1.9.3-p194/bin/thin:23:in `load'
	/Users/savd/.rvm/gems/ruby-1.9.3-p194/bin/thin:23:in `<main>'
127.0.0.1 - - [01/Oct/2012 17:29:15] "GET /delegates/show HTTP/1.1" 200 159 0.0023
127.0.0.1 - - [01/Oct/2012 17:29:15] "GET /favicon.ico HTTP/1.1" 404 447 0.0007
>> Stopping ...
>> Exiting!
>> Writing PID to /Users/savd/RubymineProjects/tasks/config/thin/tmp/thin.pid
>> Thin web server (v1.3.1 codename Triple Espresso)
>> Maximum connections set to 1024
>> Listening on 0.0.0.0:4567, CTRL+C to stop
127.0.0.1 - - [01/Oct/2012 17:31:55] "GET / HTTP/1.1" 200 595 0.0055
127.0.0.1 - - [01/Oct/2012 17:31:55] "GET /js/right-src.js HTTP/1.1" 304 - 0.0027
127.0.0.1 - - [01/Oct/2012 17:31:55] "GET /js/main.js HTTP/1.1" 304 - 0.0004
127.0.0.1 - - [01/Oct/2012 17:31:55] "GET /js/right-keys.js HTTP/1.1" 304 - 0.0003
127.0.0.1 - - [01/Oct/2012 17:31:55] "GET /css/main.css HTTP/1.1" 200 397 0.0050
127.0.0.1 - - [01/Oct/2012 17:31:55] "GET /favicon.ico HTTP/1.1" 404 447 0.0008
127.0.0.1 - - [01/Oct/2012 17:31:55] "GET /tasks/show HTTP/1.1" 200 2462 0.0064
127.0.0.1 - - [01/Oct/2012 17:31:55] "GET /delegates/show HTTP/1.1" 200 159 0.0083
>> Stopping ...
>> Exiting!
>> Writing PID to /Users/savd/RubymineProjects/tasks/config/thin/tmp/thin.pid
>> Thin web server (v1.3.1 codename Triple Espresso)
>> Maximum connections set to 1024
>> Listening on 0.0.0.0:4567, CTRL+C to stop
127.0.0.1 - - [01/Oct/2012 17:40:54] "GET / HTTP/1.1" 200 595 0.0054
127.0.0.1 - - [01/Oct/2012 17:40:54] "GET /css/main.css HTTP/1.1" 200 397 0.0083
127.0.0.1 - - [01/Oct/2012 17:40:54] "GET /tasks/show HTTP/1.1" 200 2462 0.0045
127.0.0.1 - - [01/Oct/2012 17:40:54] "GET /delegates/show HTTP/1.1" 200 159 0.0024
127.0.0.1 - - [01/Oct/2012 17:40:55] "GET /favicon.ico HTTP/1.1" 404 447 0.0007
>> Writing PID to /vagrant/config/thin/tmp/thin.pid
>> Thin web server (v1.3.1 codename Triple Espresso)
>> Maximum connections set to 1024
>> Listening on 0.0.0.0:4567, CTRL+C to stop
>> Exiting!
>> Writing PID to /vagrant/config/thin/tmp/thin.pid
>> Thin web server (v1.3.1 codename Triple Espresso)
>> Maximum connections set to 1024
>> Listening on 0.0.0.0:4567, CTRL+C to stop
>> Exiting!
>> Writing PID to /vagrant/config/thin/tmp/thin.pid
>> Thin web server (v1.3.1 codename Triple Espresso)
>> Maximum connections set to 1024
>> Listening on 0.0.0.0:4567, CTRL+C to stop
NameError - uninitialized constant JSON:
	/vagrant/tasks.rb:56:in `block in <top (required)>'
	/usr/local/rvm/gems/ruby-1.9.3-p194/gems/sinatra-1.3.2/lib/sinatra/base.rb:1212:in `call'
	/usr/local/rvm/gems/ruby-1.9.3-p194/gems/sinatra-1.3.2/lib/sinatra/base.rb:1212:in `block in compile!'
	/usr/local/rvm/gems/ruby-1.9.3-p194/gems/sinatra-1.3.2/lib/sinatra/base.rb:785:in `[]'
	/usr/local/rvm/gems/ruby-1.9.3-p194/gems/sinatra-1.3.2/lib/sinatra/base.rb:785:in `block (3 levels) in route!'
	/usr/local/rvm/gems/ruby-1.9.3-p194/gems/sinatra-1.3.2/lib/sinatra/base.rb:801:in `route_eval'
	/usr/local/rvm/gems/ruby-1.9.3-p194/gems/sinatra-1.3.2/lib/sinatra/base.rb:785:in `block (2 levels) in route!'
	/usr/local/rvm/gems/ruby-1.9.3-p194/gems/sinatra-1.3.2/lib/sinatra/base.rb:822:in `block in process_route'
	/usr/local/rvm/gems/ruby-1.9.3-p194/gems/sinatra-1.3.2/lib/sinatra/base.rb:820:in `catch'
	/usr/local/rvm/gems/ruby-1.9.3-p194/gems/sinatra-1.3.2/lib/sinatra/base.rb:820:in `process_route'
	/usr/local/rvm/gems/ruby-1.9.3-p194/gems/sinatra-1.3.2/lib/sinatra/base.rb:784:in `block in route!'
	/usr/local/rvm/gems/ruby-1.9.3-p194/gems/sinatra-1.3.2/lib/sinatra/base.rb:783:in `each'
	/usr/local/rvm/gems/ruby-1.9.3-p194/gems/sinatra-1.3.2/lib/sinatra/base.rb:783:in `route!'
	/usr/local/rvm/gems/ruby-1.9.3-p194/gems/sinatra-1.3.2/lib/sinatra/base.rb:886:in `dispatch!'
	/usr/local/rvm/gems/ruby-1.9.3-p194/gems/sinatra-1.3.2/lib/sinatra/base.rb:719:in `block in call!'
	/usr/local/rvm/gems/ruby-1.9.3-p194/gems/sinatra-1.3.2/lib/sinatra/base.rb:871:in `block in invoke'
	/usr/local/rvm/gems/ruby-1.9.3-p194/gems/sinatra-1.3.2/lib/sinatra/base.rb:871:in `catch'
	/usr/local/rvm/gems/ruby-1.9.3-p194/gems/sinatra-1.3.2/lib/sinatra/base.rb:871:in `invoke'
	/usr/local/rvm/gems/ruby-1.9.3-p194/gems/sinatra-1.3.2/lib/sinatra/base.rb:719:in `call!'
	/usr/local/rvm/gems/ruby-1.9.3-p194/gems/sinatra-1.3.2/lib/sinatra/base.rb:705:in `call'
	/usr/local/rvm/gems/ruby-1.9.3-p194/gems/rack-protection-1.2.0/lib/rack/protection/xss_header.rb:22:in `call'
	/usr/local/rvm/gems/ruby-1.9.3-p194/gems/rack-protection-1.2.0/lib/rack/protection/base.rb:47:in `call'
	/usr/local/rvm/gems/ruby-1.9.3-p194/gems/rack-protection-1.2.0/lib/rack/protection/base.rb:47:in `call'
	/usr/local/rvm/gems/ruby-1.9.3-p194/gems/rack-protection-1.2.0/lib/rack/protection/path_traversal.rb:16:in `call'
	/usr/local/rvm/gems/ruby-1.9.3-p194/gems/rack-protection-1.2.0/lib/rack/protection/json_csrf.rb:17:in `call'
	/usr/local/rvm/gems/ruby-1.9.3-p194/gems/rack-protection-1.2.0/lib/rack/protection/base.rb:47:in `call'
	/usr/local/rvm/gems/ruby-1.9.3-p194/gems/rack-protection-1.2.0/lib/rack/protection/xss_header.rb:22:in `call'
	/usr/local/rvm/gems/ruby-1.9.3-p194/gems/rack-1.4.1/lib/rack/session/abstract/id.rb:205:in `context'
	/usr/local/rvm/gems/ruby-1.9.3-p194/gems/rack-1.4.1/lib/rack/session/abstract/id.rb:200:in `call'
	/usr/local/rvm/gems/ruby-1.9.3-p194/gems/rack-1.4.1/lib/rack/logger.rb:15:in `call'
	/usr/local/rvm/gems/ruby-1.9.3-p194/gems/rack-1.4.1/lib/rack/head.rb:9:in `call'
	/usr/local/rvm/gems/ruby-1.9.3-p194/gems/rack-1.4.1/lib/rack/methodoverride.rb:21:in `call'
	/usr/local/rvm/gems/ruby-1.9.3-p194/gems/sinatra-1.3.2/lib/sinatra/showexceptions.rb:21:in `call'
	/usr/local/rvm/gems/ruby-1.9.3-p194/gems/sinatra-1.3.2/lib/sinatra/base.rb:1334:in `block in call'
	/usr/local/rvm/gems/ruby-1.9.3-p194/gems/sinatra-1.3.2/lib/sinatra/base.rb:1416:in `synchronize'
	/usr/local/rvm/gems/ruby-1.9.3-p194/gems/sinatra-1.3.2/lib/sinatra/base.rb:1334:in `call'
	/usr/local/rvm/gems/ruby-1.9.3-p194/gems/thin-1.3.1/lib/thin/connection.rb:80:in `block in pre_process'
	/usr/local/rvm/gems/ruby-1.9.3-p194/gems/thin-1.3.1/lib/thin/connection.rb:78:in `catch'
	/usr/local/rvm/gems/ruby-1.9.3-p194/gems/thin-1.3.1/lib/thin/connection.rb:78:in `pre_process'
	/usr/local/rvm/gems/ruby-1.9.3-p194/gems/thin-1.3.1/lib/thin/connection.rb:53:in `process'
	/usr/local/rvm/gems/ruby-1.9.3-p194/gems/thin-1.3.1/lib/thin/connection.rb:38:in `receive_data'
	/usr/local/rvm/gems/ruby-1.9.3-p194/gems/eventmachine-0.12.10/lib/eventmachine.rb:256:in `run_machine'
	/usr/local/rvm/gems/ruby-1.9.3-p194/gems/eventmachine-0.12.10/lib/eventmachine.rb:256:in `run'
	/usr/local/rvm/gems/ruby-1.9.3-p194/gems/thin-1.3.1/lib/thin/backends/base.rb:61:in `start'
	/usr/local/rvm/gems/ruby-1.9.3-p194/gems/thin-1.3.1/lib/thin/server.rb:159:in `start'
	/usr/local/rvm/gems/ruby-1.9.3-p194/gems/thin-1.3.1/lib/thin/controllers/controller.rb:86:in `start'
	/usr/local/rvm/gems/ruby-1.9.3-p194/gems/thin-1.3.1/lib/thin/runner.rb:185:in `run_command'
	/usr/local/rvm/gems/ruby-1.9.3-p194/gems/thin-1.3.1/lib/thin/runner.rb:151:in `run!'
	/usr/local/rvm/gems/ruby-1.9.3-p194/gems/thin-1.3.1/bin/thin:6:in `<top (required)>'
	/usr/local/rvm/gems/ruby-1.9.3-p194/bin/thin:23:in `load'
	/usr/local/rvm/gems/ruby-1.9.3-p194/bin/thin:23:in `<main>'
NameError - uninitialized constant JSON:
	/vagrant/tasks.rb:56:in `block in <top (required)>'
	/usr/local/rvm/gems/ruby-1.9.3-p194/gems/sinatra-1.3.2/lib/sinatra/base.rb:1212:in `call'
	/usr/local/rvm/gems/ruby-1.9.3-p194/gems/sinatra-1.3.2/lib/sinatra/base.rb:1212:in `block in compile!'
	/usr/local/rvm/gems/ruby-1.9.3-p194/gems/sinatra-1.3.2/lib/sinatra/base.rb:785:in `[]'
	/usr/local/rvm/gems/ruby-1.9.3-p194/gems/sinatra-1.3.2/lib/sinatra/base.rb:785:in `block (3 levels) in route!'
	/usr/local/rvm/gems/ruby-1.9.3-p194/gems/sinatra-1.3.2/lib/sinatra/base.rb:801:in `route_eval'
	/usr/local/rvm/gems/ruby-1.9.3-p194/gems/sinatra-1.3.2/lib/sinatra/base.rb:785:in `block (2 levels) in route!'
	/usr/local/rvm/gems/ruby-1.9.3-p194/gems/sinatra-1.3.2/lib/sinatra/base.rb:822:in `block in process_route'
	/usr/local/rvm/gems/ruby-1.9.3-p194/gems/sinatra-1.3.2/lib/sinatra/base.rb:820:in `catch'
	/usr/local/rvm/gems/ruby-1.9.3-p194/gems/sinatra-1.3.2/lib/sinatra/base.rb:820:in `process_route'
	/usr/local/rvm/gems/ruby-1.9.3-p194/gems/sinatra-1.3.2/lib/sinatra/base.rb:784:in `block in route!'
	/usr/local/rvm/gems/ruby-1.9.3-p194/gems/sinatra-1.3.2/lib/sinatra/base.rb:783:in `each'
	/usr/local/rvm/gems/ruby-1.9.3-p194/gems/sinatra-1.3.2/lib/sinatra/base.rb:783:in `route!'
	/usr/local/rvm/gems/ruby-1.9.3-p194/gems/sinatra-1.3.2/lib/sinatra/base.rb:886:in `dispatch!'
	/usr/local/rvm/gems/ruby-1.9.3-p194/gems/sinatra-1.3.2/lib/sinatra/base.rb:719:in `block in call!'
	/usr/local/rvm/gems/ruby-1.9.3-p194/gems/sinatra-1.3.2/lib/sinatra/base.rb:871:in `block in invoke'
	/usr/local/rvm/gems/ruby-1.9.3-p194/gems/sinatra-1.3.2/lib/sinatra/base.rb:871:in `catch'
	/usr/local/rvm/gems/ruby-1.9.3-p194/gems/sinatra-1.3.2/lib/sinatra/base.rb:871:in `invoke'
	/usr/local/rvm/gems/ruby-1.9.3-p194/gems/sinatra-1.3.2/lib/sinatra/base.rb:719:in `call!'
	/usr/local/rvm/gems/ruby-1.9.3-p194/gems/sinatra-1.3.2/lib/sinatra/base.rb:705:in `call'
	/usr/local/rvm/gems/ruby-1.9.3-p194/gems/rack-protection-1.2.0/lib/rack/protection/xss_header.rb:22:in `call'
	/usr/local/rvm/gems/ruby-1.9.3-p194/gems/rack-protection-1.2.0/lib/rack/protection/base.rb:47:in `call'
	/usr/local/rvm/gems/ruby-1.9.3-p194/gems/rack-protection-1.2.0/lib/rack/protection/base.rb:47:in `call'
	/usr/local/rvm/gems/ruby-1.9.3-p194/gems/rack-protection-1.2.0/lib/rack/protection/path_traversal.rb:16:in `call'
	/usr/local/rvm/gems/ruby-1.9.3-p194/gems/rack-protection-1.2.0/lib/rack/protection/json_csrf.rb:17:in `call'
	/usr/local/rvm/gems/ruby-1.9.3-p194/gems/rack-protection-1.2.0/lib/rack/protection/base.rb:47:in `call'
	/usr/local/rvm/gems/ruby-1.9.3-p194/gems/rack-protection-1.2.0/lib/rack/protection/xss_header.rb:22:in `call'
	/usr/local/rvm/gems/ruby-1.9.3-p194/gems/rack-1.4.1/lib/rack/session/abstract/id.rb:205:in `context'
	/usr/local/rvm/gems/ruby-1.9.3-p194/gems/rack-1.4.1/lib/rack/session/abstract/id.rb:200:in `call'
	/usr/local/rvm/gems/ruby-1.9.3-p194/gems/rack-1.4.1/lib/rack/logger.rb:15:in `call'
	/usr/local/rvm/gems/ruby-1.9.3-p194/gems/rack-1.4.1/lib/rack/head.rb:9:in `call'
	/usr/local/rvm/gems/ruby-1.9.3-p194/gems/rack-1.4.1/lib/rack/methodoverride.rb:21:in `call'
	/usr/local/rvm/gems/ruby-1.9.3-p194/gems/sinatra-1.3.2/lib/sinatra/showexceptions.rb:21:in `call'
	/usr/local/rvm/gems/ruby-1.9.3-p194/gems/sinatra-1.3.2/lib/sinatra/base.rb:1334:in `block in call'
	/usr/local/rvm/gems/ruby-1.9.3-p194/gems/sinatra-1.3.2/lib/sinatra/base.rb:1416:in `synchronize'
	/usr/local/rvm/gems/ruby-1.9.3-p194/gems/sinatra-1.3.2/lib/sinatra/base.rb:1334:in `call'
	/usr/local/rvm/gems/ruby-1.9.3-p194/gems/thin-1.3.1/lib/thin/connection.rb:80:in `block in pre_process'
	/usr/local/rvm/gems/ruby-1.9.3-p194/gems/thin-1.3.1/lib/thin/connection.rb:78:in `catch'
	/usr/local/rvm/gems/ruby-1.9.3-p194/gems/thin-1.3.1/lib/thin/connection.rb:78:in `pre_process'
	/usr/local/rvm/gems/ruby-1.9.3-p194/gems/thin-1.3.1/lib/thin/connection.rb:53:in `process'
	/usr/local/rvm/gems/ruby-1.9.3-p194/gems/thin-1.3.1/lib/thin/connection.rb:38:in `receive_data'
	/usr/local/rvm/gems/ruby-1.9.3-p194/gems/eventmachine-0.12.10/lib/eventmachine.rb:256:in `run_machine'
	/usr/local/rvm/gems/ruby-1.9.3-p194/gems/eventmachine-0.12.10/lib/eventmachine.rb:256:in `run'
	/usr/local/rvm/gems/ruby-1.9.3-p194/gems/thin-1.3.1/lib/thin/backends/base.rb:61:in `start'
	/usr/local/rvm/gems/ruby-1.9.3-p194/gems/thin-1.3.1/lib/thin/server.rb:159:in `start'
	/usr/local/rvm/gems/ruby-1.9.3-p194/gems/thin-1.3.1/lib/thin/controllers/controller.rb:86:in `start'
	/usr/local/rvm/gems/ruby-1.9.3-p194/gems/thin-1.3.1/lib/thin/runner.rb:185:in `run_command'
	/usr/local/rvm/gems/ruby-1.9.3-p194/gems/thin-1.3.1/lib/thin/runner.rb:151:in `run!'
	/usr/local/rvm/gems/ruby-1.9.3-p194/gems/thin-1.3.1/bin/thin:6:in `<top (required)>'
	/usr/local/rvm/gems/ruby-1.9.3-p194/bin/thin:23:in `load'
	/usr/local/rvm/gems/ruby-1.9.3-p194/bin/thin:23:in `<main>'
NameError - uninitialized constant JSON:
	/vagrant/tasks.rb:56:in `block in <top (required)>'
	/usr/local/rvm/gems/ruby-1.9.3-p194/gems/sinatra-1.3.2/lib/sinatra/base.rb:1212:in `call'
	/usr/local/rvm/gems/ruby-1.9.3-p194/gems/sinatra-1.3.2/lib/sinatra/base.rb:1212:in `block in compile!'
	/usr/local/rvm/gems/ruby-1.9.3-p194/gems/sinatra-1.3.2/lib/sinatra/base.rb:785:in `[]'
	/usr/local/rvm/gems/ruby-1.9.3-p194/gems/sinatra-1.3.2/lib/sinatra/base.rb:785:in `block (3 levels) in route!'
	/usr/local/rvm/gems/ruby-1.9.3-p194/gems/sinatra-1.3.2/lib/sinatra/base.rb:801:in `route_eval'
	/usr/local/rvm/gems/ruby-1.9.3-p194/gems/sinatra-1.3.2/lib/sinatra/base.rb:785:in `block (2 levels) in route!'
	/usr/local/rvm/gems/ruby-1.9.3-p194/gems/sinatra-1.3.2/lib/sinatra/base.rb:822:in `block in process_route'
	/usr/local/rvm/gems/ruby-1.9.3-p194/gems/sinatra-1.3.2/lib/sinatra/base.rb:820:in `catch'
	/usr/local/rvm/gems/ruby-1.9.3-p194/gems/sinatra-1.3.2/lib/sinatra/base.rb:820:in `process_route'
	/usr/local/rvm/gems/ruby-1.9.3-p194/gems/sinatra-1.3.2/lib/sinatra/base.rb:784:in `block in route!'
	/usr/local/rvm/gems/ruby-1.9.3-p194/gems/sinatra-1.3.2/lib/sinatra/base.rb:783:in `each'
	/usr/local/rvm/gems/ruby-1.9.3-p194/gems/sinatra-1.3.2/lib/sinatra/base.rb:783:in `route!'
	/usr/local/rvm/gems/ruby-1.9.3-p194/gems/sinatra-1.3.2/lib/sinatra/base.rb:886:in `dispatch!'
	/usr/local/rvm/gems/ruby-1.9.3-p194/gems/sinatra-1.3.2/lib/sinatra/base.rb:719:in `block in call!'
	/usr/local/rvm/gems/ruby-1.9.3-p194/gems/sinatra-1.3.2/lib/sinatra/base.rb:871:in `block in invoke'
	/usr/local/rvm/gems/ruby-1.9.3-p194/gems/sinatra-1.3.2/lib/sinatra/base.rb:871:in `catch'
	/usr/local/rvm/gems/ruby-1.9.3-p194/gems/sinatra-1.3.2/lib/sinatra/base.rb:871:in `invoke'
	/usr/local/rvm/gems/ruby-1.9.3-p194/gems/sinatra-1.3.2/lib/sinatra/base.rb:719:in `call!'
	/usr/local/rvm/gems/ruby-1.9.3-p194/gems/sinatra-1.3.2/lib/sinatra/base.rb:705:in `call'
	/usr/local/rvm/gems/ruby-1.9.3-p194/gems/rack-protection-1.2.0/lib/rack/protection/xss_header.rb:22:in `call'
	/usr/local/rvm/gems/ruby-1.9.3-p194/gems/rack-protection-1.2.0/lib/rack/protection/base.rb:47:in `call'
	/usr/local/rvm/gems/ruby-1.9.3-p194/gems/rack-protection-1.2.0/lib/rack/protection/base.rb:47:in `call'
	/usr/local/rvm/gems/ruby-1.9.3-p194/gems/rack-protection-1.2.0/lib/rack/protection/path_traversal.rb:16:in `call'
	/usr/local/rvm/gems/ruby-1.9.3-p194/gems/rack-protection-1.2.0/lib/rack/protection/json_csrf.rb:17:in `call'
	/usr/local/rvm/gems/ruby-1.9.3-p194/gems/rack-protection-1.2.0/lib/rack/protection/base.rb:47:in `call'
	/usr/local/rvm/gems/ruby-1.9.3-p194/gems/rack-protection-1.2.0/lib/rack/protection/xss_header.rb:22:in `call'
	/usr/local/rvm/gems/ruby-1.9.3-p194/gems/rack-1.4.1/lib/rack/session/abstract/id.rb:205:in `context'
	/usr/local/rvm/gems/ruby-1.9.3-p194/gems/rack-1.4.1/lib/rack/session/abstract/id.rb:200:in `call'
	/usr/local/rvm/gems/ruby-1.9.3-p194/gems/rack-1.4.1/lib/rack/logger.rb:15:in `call'
	/usr/local/rvm/gems/ruby-1.9.3-p194/gems/rack-1.4.1/lib/rack/head.rb:9:in `call'
	/usr/local/rvm/gems/ruby-1.9.3-p194/gems/rack-1.4.1/lib/rack/methodoverride.rb:21:in `call'
	/usr/local/rvm/gems/ruby-1.9.3-p194/gems/sinatra-1.3.2/lib/sinatra/showexceptions.rb:21:in `call'
	/usr/local/rvm/gems/ruby-1.9.3-p194/gems/sinatra-1.3.2/lib/sinatra/base.rb:1334:in `block in call'
	/usr/local/rvm/gems/ruby-1.9.3-p194/gems/sinatra-1.3.2/lib/sinatra/base.rb:1416:in `synchronize'
	/usr/local/rvm/gems/ruby-1.9.3-p194/gems/sinatra-1.3.2/lib/sinatra/base.rb:1334:in `call'
	/usr/local/rvm/gems/ruby-1.9.3-p194/gems/thin-1.3.1/lib/thin/connection.rb:80:in `block in pre_process'
	/usr/local/rvm/gems/ruby-1.9.3-p194/gems/thin-1.3.1/lib/thin/connection.rb:78:in `catch'
	/usr/local/rvm/gems/ruby-1.9.3-p194/gems/thin-1.3.1/lib/thin/connection.rb:78:in `pre_process'
	/usr/local/rvm/gems/ruby-1.9.3-p194/gems/thin-1.3.1/lib/thin/connection.rb:53:in `process'
	/usr/local/rvm/gems/ruby-1.9.3-p194/gems/thin-1.3.1/lib/thin/connection.rb:38:in `receive_data'
	/usr/local/rvm/gems/ruby-1.9.3-p194/gems/eventmachine-0.12.10/lib/eventmachine.rb:256:in `run_machine'
	/usr/local/rvm/gems/ruby-1.9.3-p194/gems/eventmachine-0.12.10/lib/eventmachine.rb:256:in `run'
	/usr/local/rvm/gems/ruby-1.9.3-p194/gems/thin-1.3.1/lib/thin/backends/base.rb:61:in `start'
	/usr/local/rvm/gems/ruby-1.9.3-p194/gems/thin-1.3.1/lib/thin/server.rb:159:in `start'
	/usr/local/rvm/gems/ruby-1.9.3-p194/gems/thin-1.3.1/lib/thin/controllers/controller.rb:86:in `start'
	/usr/local/rvm/gems/ruby-1.9.3-p194/gems/thin-1.3.1/lib/thin/runner.rb:185:in `run_command'
	/usr/local/rvm/gems/ruby-1.9.3-p194/gems/thin-1.3.1/lib/thin/runner.rb:151:in `run!'
	/usr/local/rvm/gems/ruby-1.9.3-p194/gems/thin-1.3.1/bin/thin:6:in `<top (required)>'
	/usr/local/rvm/gems/ruby-1.9.3-p194/bin/thin:23:in `load'
	/usr/local/rvm/gems/ruby-1.9.3-p194/bin/thin:23:in `<main>'
nil
nil
nil
nil
{"session_id"=>"58c8782e81268a821dee5a2d8833cebfafd7e2c24eb2082752714644f8d1c5c1", "tracking"=>{"HTTP_USER_AGENT"=>"41298d698208180e3a0c40766a1a46074f6cd1e4", "HTTP_ACCEPT_ENCODING"=>"ed2b3ca90a4e723402367a1d17c8b28392842398", "HTTP_ACCEPT_LANGUAGE"=>"cc9f6fec652a4258bc6d29287052179ab1e0d147"}, "csrf"=>"2db504365980d8bd9561f4b62e09d44f88a6c0001ea1471a0d26341100ddb8cd", "auth"=>"Okay"}
SocketError - getaddrinfo: Name or service not known:
	/usr/local/rvm/rubies/ruby-1.9.3-p194/lib64/ruby/1.9.1/net/http.rb:762:in `initialize'
	/usr/local/rvm/rubies/ruby-1.9.3-p194/lib64/ruby/1.9.1/net/http.rb:762:in `open'
	/usr/local/rvm/rubies/ruby-1.9.3-p194/lib64/ruby/1.9.1/net/http.rb:762:in `block in connect'
	/usr/local/rvm/rubies/ruby-1.9.3-p194/lib64/ruby/1.9.1/timeout.rb:54:in `timeout'
	/usr/local/rvm/rubies/ruby-1.9.3-p194/lib64/ruby/1.9.1/timeout.rb:99:in `timeout'
	/usr/local/rvm/rubies/ruby-1.9.3-p194/lib64/ruby/1.9.1/net/http.rb:762:in `connect'
	/usr/local/rvm/rubies/ruby-1.9.3-p194/lib64/ruby/1.9.1/net/http.rb:755:in `do_start'
	/usr/local/rvm/rubies/ruby-1.9.3-p194/lib64/ruby/1.9.1/net/http.rb:744:in `start'
	/usr/local/rvm/rubies/ruby-1.9.3-p194/lib64/ruby/1.9.1/net/http.rb:1284:in `request'
	/vagrant/tasks.rb:59:in `block in <top (required)>'
	/usr/local/rvm/gems/ruby-1.9.3-p194/gems/sinatra-1.3.2/lib/sinatra/base.rb:1212:in `call'
	/usr/local/rvm/gems/ruby-1.9.3-p194/gems/sinatra-1.3.2/lib/sinatra/base.rb:1212:in `block in compile!'
	/usr/local/rvm/gems/ruby-1.9.3-p194/gems/sinatra-1.3.2/lib/sinatra/base.rb:785:in `[]'
	/usr/local/rvm/gems/ruby-1.9.3-p194/gems/sinatra-1.3.2/lib/sinatra/base.rb:785:in `block (3 levels) in route!'
	/usr/local/rvm/gems/ruby-1.9.3-p194/gems/sinatra-1.3.2/lib/sinatra/base.rb:801:in `route_eval'
	/usr/local/rvm/gems/ruby-1.9.3-p194/gems/sinatra-1.3.2/lib/sinatra/base.rb:785:in `block (2 levels) in route!'
	/usr/local/rvm/gems/ruby-1.9.3-p194/gems/sinatra-1.3.2/lib/sinatra/base.rb:822:in `block in process_route'
	/usr/local/rvm/gems/ruby-1.9.3-p194/gems/sinatra-1.3.2/lib/sinatra/base.rb:820:in `catch'
	/usr/local/rvm/gems/ruby-1.9.3-p194/gems/sinatra-1.3.2/lib/sinatra/base.rb:820:in `process_route'
	/usr/local/rvm/gems/ruby-1.9.3-p194/gems/sinatra-1.3.2/lib/sinatra/base.rb:784:in `block in route!'
	/usr/local/rvm/gems/ruby-1.9.3-p194/gems/sinatra-1.3.2/lib/sinatra/base.rb:783:in `each'
	/usr/local/rvm/gems/ruby-1.9.3-p194/gems/sinatra-1.3.2/lib/sinatra/base.rb:783:in `route!'
	/usr/local/rvm/gems/ruby-1.9.3-p194/gems/sinatra-1.3.2/lib/sinatra/base.rb:886:in `dispatch!'
	/usr/local/rvm/gems/ruby-1.9.3-p194/gems/sinatra-1.3.2/lib/sinatra/base.rb:719:in `block in call!'
	/usr/local/rvm/gems/ruby-1.9.3-p194/gems/sinatra-1.3.2/lib/sinatra/base.rb:871:in `block in invoke'
	/usr/local/rvm/gems/ruby-1.9.3-p194/gems/sinatra-1.3.2/lib/sinatra/base.rb:871:in `catch'
	/usr/local/rvm/gems/ruby-1.9.3-p194/gems/sinatra-1.3.2/lib/sinatra/base.rb:871:in `invoke'
	/usr/local/rvm/gems/ruby-1.9.3-p194/gems/sinatra-1.3.2/lib/sinatra/base.rb:719:in `call!'
	/usr/local/rvm/gems/ruby-1.9.3-p194/gems/sinatra-1.3.2/lib/sinatra/base.rb:705:in `call'
	/usr/local/rvm/gems/ruby-1.9.3-p194/gems/rack-protection-1.2.0/lib/rack/protection/xss_header.rb:22:in `call'
	/usr/local/rvm/gems/ruby-1.9.3-p194/gems/rack-protection-1.2.0/lib/rack/protection/base.rb:47:in `call'
	/usr/local/rvm/gems/ruby-1.9.3-p194/gems/rack-protection-1.2.0/lib/rack/protection/base.rb:47:in `call'
	/usr/local/rvm/gems/ruby-1.9.3-p194/gems/rack-protection-1.2.0/lib/rack/protection/path_traversal.rb:16:in `call'
	/usr/local/rvm/gems/ruby-1.9.3-p194/gems/rack-protection-1.2.0/lib/rack/protection/json_csrf.rb:17:in `call'
	/usr/local/rvm/gems/ruby-1.9.3-p194/gems/rack-protection-1.2.0/lib/rack/protection/base.rb:47:in `call'
	/usr/local/rvm/gems/ruby-1.9.3-p194/gems/rack-protection-1.2.0/lib/rack/protection/xss_header.rb:22:in `call'
	/usr/local/rvm/gems/ruby-1.9.3-p194/gems/rack-1.4.1/lib/rack/session/abstract/id.rb:205:in `context'
	/usr/local/rvm/gems/ruby-1.9.3-p194/gems/rack-1.4.1/lib/rack/session/abstract/id.rb:200:in `call'
	/usr/local/rvm/gems/ruby-1.9.3-p194/gems/rack-1.4.1/lib/rack/logger.rb:15:in `call'
	/usr/local/rvm/gems/ruby-1.9.3-p194/gems/rack-1.4.1/lib/rack/head.rb:9:in `call'
	/usr/local/rvm/gems/ruby-1.9.3-p194/gems/rack-1.4.1/lib/rack/methodoverride.rb:21:in `call'
	/usr/local/rvm/gems/ruby-1.9.3-p194/gems/sinatra-1.3.2/lib/sinatra/showexceptions.rb:21:in `call'
	/usr/local/rvm/gems/ruby-1.9.3-p194/gems/sinatra-1.3.2/lib/sinatra/base.rb:1334:in `block in call'
	/usr/local/rvm/gems/ruby-1.9.3-p194/gems/sinatra-1.3.2/lib/sinatra/base.rb:1416:in `synchronize'
	/usr/local/rvm/gems/ruby-1.9.3-p194/gems/sinatra-1.3.2/lib/sinatra/base.rb:1334:in `call'
	/usr/local/rvm/gems/ruby-1.9.3-p194/gems/thin-1.3.1/lib/thin/connection.rb:80:in `block in pre_process'
	/usr/local/rvm/gems/ruby-1.9.3-p194/gems/thin-1.3.1/lib/thin/connection.rb:78:in `catch'
	/usr/local/rvm/gems/ruby-1.9.3-p194/gems/thin-1.3.1/lib/thin/connection.rb:78:in `pre_process'
	/usr/local/rvm/gems/ruby-1.9.3-p194/gems/thin-1.3.1/lib/thin/connection.rb:53:in `process'
	/usr/local/rvm/gems/ruby-1.9.3-p194/gems/thin-1.3.1/lib/thin/connection.rb:38:in `receive_data'
	/usr/local/rvm/gems/ruby-1.9.3-p194/gems/eventmachine-0.12.10/lib/eventmachine.rb:256:in `run_machine'
	/usr/local/rvm/gems/ruby-1.9.3-p194/gems/eventmachine-0.12.10/lib/eventmachine.rb:256:in `run'
	/usr/local/rvm/gems/ruby-1.9.3-p194/gems/thin-1.3.1/lib/thin/backends/base.rb:61:in `start'
	/usr/local/rvm/gems/ruby-1.9.3-p194/gems/thin-1.3.1/lib/thin/server.rb:159:in `start'
	/usr/local/rvm/gems/ruby-1.9.3-p194/gems/thin-1.3.1/lib/thin/controllers/controller.rb:86:in `start'
	/usr/local/rvm/gems/ruby-1.9.3-p194/gems/thin-1.3.1/lib/thin/runner.rb:185:in `run_command'
	/usr/local/rvm/gems/ruby-1.9.3-p194/gems/thin-1.3.1/lib/thin/runner.rb:151:in `run!'
	/usr/local/rvm/gems/ruby-1.9.3-p194/gems/thin-1.3.1/bin/thin:6:in `<top (required)>'
	/usr/local/rvm/gems/ruby-1.9.3-p194/bin/thin:23:in `load'
	/usr/local/rvm/gems/ruby-1.9.3-p194/bin/thin:23:in `<main>'
{"session_id"=>"eea8a0f8c5e6d3682af202594e079a6c2205e2633a7ca8d9270a9ba6a7fdffdd", "tracking"=>{"HTTP_USER_AGENT"=>"41298d698208180e3a0c40766a1a46074f6cd1e4", "HTTP_ACCEPT_ENCODING"=>"ed2b3ca90a4e723402367a1d17c8b28392842398", "HTTP_ACCEPT_LANGUAGE"=>"cc9f6fec652a4258bc6d29287052179ab1e0d147"}, "csrf"=>"24da8f873a2559befe35e67dfb5183bb40bb05fa51b7c970c7282e4d8621cbd9", "mail"=>"savd@corp.badoo.com"}
{"session_id"=>"eea8a0f8c5e6d3682af202594e079a6c2205e2633a7ca8d9270a9ba6a7fdffdd", "tracking"=>{"HTTP_USER_AGENT"=>"41298d698208180e3a0c40766a1a46074f6cd1e4", "HTTP_ACCEPT_ENCODING"=>"ed2b3ca90a4e723402367a1d17c8b28392842398", "HTTP_ACCEPT_LANGUAGE"=>"cc9f6fec652a4258bc6d29287052179ab1e0d147"}, "csrf"=>"24da8f873a2559befe35e67dfb5183bb40bb05fa51b7c970c7282e4d8621cbd9", "mail"=>"savd@corp.badoo.com"}
SocketError - getaddrinfo: Name or service not known:
	/usr/local/rvm/rubies/ruby-1.9.3-p194/lib64/ruby/1.9.1/net/http.rb:762:in `initialize'
	/usr/local/rvm/rubies/ruby-1.9.3-p194/lib64/ruby/1.9.1/net/http.rb:762:in `open'
	/usr/local/rvm/rubies/ruby-1.9.3-p194/lib64/ruby/1.9.1/net/http.rb:762:in `block in connect'
	/usr/local/rvm/rubies/ruby-1.9.3-p194/lib64/ruby/1.9.1/timeout.rb:54:in `timeout'
	/usr/local/rvm/rubies/ruby-1.9.3-p194/lib64/ruby/1.9.1/timeout.rb:99:in `timeout'
	/usr/local/rvm/rubies/ruby-1.9.3-p194/lib64/ruby/1.9.1/net/http.rb:762:in `connect'
	/usr/local/rvm/rubies/ruby-1.9.3-p194/lib64/ruby/1.9.1/net/http.rb:755:in `do_start'
	/usr/local/rvm/rubies/ruby-1.9.3-p194/lib64/ruby/1.9.1/net/http.rb:744:in `start'
	/usr/local/rvm/rubies/ruby-1.9.3-p194/lib64/ruby/1.9.1/net/http.rb:1284:in `request'
	/vagrant/tasks.rb:59:in `block in <top (required)>'
	/usr/local/rvm/gems/ruby-1.9.3-p194/gems/sinatra-1.3.2/lib/sinatra/base.rb:1212:in `call'
	/usr/local/rvm/gems/ruby-1.9.3-p194/gems/sinatra-1.3.2/lib/sinatra/base.rb:1212:in `block in compile!'
	/usr/local/rvm/gems/ruby-1.9.3-p194/gems/sinatra-1.3.2/lib/sinatra/base.rb:785:in `[]'
	/usr/local/rvm/gems/ruby-1.9.3-p194/gems/sinatra-1.3.2/lib/sinatra/base.rb:785:in `block (3 levels) in route!'
	/usr/local/rvm/gems/ruby-1.9.3-p194/gems/sinatra-1.3.2/lib/sinatra/base.rb:801:in `route_eval'
	/usr/local/rvm/gems/ruby-1.9.3-p194/gems/sinatra-1.3.2/lib/sinatra/base.rb:785:in `block (2 levels) in route!'
	/usr/local/rvm/gems/ruby-1.9.3-p194/gems/sinatra-1.3.2/lib/sinatra/base.rb:822:in `block in process_route'
	/usr/local/rvm/gems/ruby-1.9.3-p194/gems/sinatra-1.3.2/lib/sinatra/base.rb:820:in `catch'
	/usr/local/rvm/gems/ruby-1.9.3-p194/gems/sinatra-1.3.2/lib/sinatra/base.rb:820:in `process_route'
	/usr/local/rvm/gems/ruby-1.9.3-p194/gems/sinatra-1.3.2/lib/sinatra/base.rb:784:in `block in route!'
	/usr/local/rvm/gems/ruby-1.9.3-p194/gems/sinatra-1.3.2/lib/sinatra/base.rb:783:in `each'
	/usr/local/rvm/gems/ruby-1.9.3-p194/gems/sinatra-1.3.2/lib/sinatra/base.rb:783:in `route!'
	/usr/local/rvm/gems/ruby-1.9.3-p194/gems/sinatra-1.3.2/lib/sinatra/base.rb:886:in `dispatch!'
	/usr/local/rvm/gems/ruby-1.9.3-p194/gems/sinatra-1.3.2/lib/sinatra/base.rb:719:in `block in call!'
	/usr/local/rvm/gems/ruby-1.9.3-p194/gems/sinatra-1.3.2/lib/sinatra/base.rb:871:in `block in invoke'
	/usr/local/rvm/gems/ruby-1.9.3-p194/gems/sinatra-1.3.2/lib/sinatra/base.rb:871:in `catch'
	/usr/local/rvm/gems/ruby-1.9.3-p194/gems/sinatra-1.3.2/lib/sinatra/base.rb:871:in `invoke'
	/usr/local/rvm/gems/ruby-1.9.3-p194/gems/sinatra-1.3.2/lib/sinatra/base.rb:719:in `call!'
	/usr/local/rvm/gems/ruby-1.9.3-p194/gems/sinatra-1.3.2/lib/sinatra/base.rb:705:in `call'
	/usr/local/rvm/gems/ruby-1.9.3-p194/gems/rack-protection-1.2.0/lib/rack/protection/xss_header.rb:22:in `call'
	/usr/local/rvm/gems/ruby-1.9.3-p194/gems/rack-protection-1.2.0/lib/rack/protection/base.rb:47:in `call'
	/usr/local/rvm/gems/ruby-1.9.3-p194/gems/rack-protection-1.2.0/lib/rack/protection/base.rb:47:in `call'
	/usr/local/rvm/gems/ruby-1.9.3-p194/gems/rack-protection-1.2.0/lib/rack/protection/path_traversal.rb:16:in `call'
	/usr/local/rvm/gems/ruby-1.9.3-p194/gems/rack-protection-1.2.0/lib/rack/protection/json_csrf.rb:17:in `call'
	/usr/local/rvm/gems/ruby-1.9.3-p194/gems/rack-protection-1.2.0/lib/rack/protection/base.rb:47:in `call'
	/usr/local/rvm/gems/ruby-1.9.3-p194/gems/rack-protection-1.2.0/lib/rack/protection/xss_header.rb:22:in `call'
	/usr/local/rvm/gems/ruby-1.9.3-p194/gems/rack-1.4.1/lib/rack/session/abstract/id.rb:205:in `context'
	/usr/local/rvm/gems/ruby-1.9.3-p194/gems/rack-1.4.1/lib/rack/session/abstract/id.rb:200:in `call'
	/usr/local/rvm/gems/ruby-1.9.3-p194/gems/rack-1.4.1/lib/rack/logger.rb:15:in `call'
	/usr/local/rvm/gems/ruby-1.9.3-p194/gems/rack-1.4.1/lib/rack/head.rb:9:in `call'
	/usr/local/rvm/gems/ruby-1.9.3-p194/gems/rack-1.4.1/lib/rack/methodoverride.rb:21:in `call'
	/usr/local/rvm/gems/ruby-1.9.3-p194/gems/sinatra-1.3.2/lib/sinatra/showexceptions.rb:21:in `call'
	/usr/local/rvm/gems/ruby-1.9.3-p194/gems/sinatra-1.3.2/lib/sinatra/base.rb:1334:in `block in call'
	/usr/local/rvm/gems/ruby-1.9.3-p194/gems/sinatra-1.3.2/lib/sinatra/base.rb:1416:in `synchronize'
	/usr/local/rvm/gems/ruby-1.9.3-p194/gems/sinatra-1.3.2/lib/sinatra/base.rb:1334:in `call'
	/usr/local/rvm/gems/ruby-1.9.3-p194/gems/thin-1.3.1/lib/thin/connection.rb:80:in `block in pre_process'
	/usr/local/rvm/gems/ruby-1.9.3-p194/gems/thin-1.3.1/lib/thin/connection.rb:78:in `catch'
	/usr/local/rvm/gems/ruby-1.9.3-p194/gems/thin-1.3.1/lib/thin/connection.rb:78:in `pre_process'
	/usr/local/rvm/gems/ruby-1.9.3-p194/gems/thin-1.3.1/lib/thin/connection.rb:53:in `process'
	/usr/local/rvm/gems/ruby-1.9.3-p194/gems/thin-1.3.1/lib/thin/connection.rb:38:in `receive_data'
	/usr/local/rvm/gems/ruby-1.9.3-p194/gems/eventmachine-0.12.10/lib/eventmachine.rb:256:in `run_machine'
	/usr/local/rvm/gems/ruby-1.9.3-p194/gems/eventmachine-0.12.10/lib/eventmachine.rb:256:in `run'
	/usr/local/rvm/gems/ruby-1.9.3-p194/gems/thin-1.3.1/lib/thin/backends/base.rb:61:in `start'
	/usr/local/rvm/gems/ruby-1.9.3-p194/gems/thin-1.3.1/lib/thin/server.rb:159:in `start'
	/usr/local/rvm/gems/ruby-1.9.3-p194/gems/thin-1.3.1/lib/thin/controllers/controller.rb:86:in `start'
	/usr/local/rvm/gems/ruby-1.9.3-p194/gems/thin-1.3.1/lib/thin/runner.rb:185:in `run_command'
	/usr/local/rvm/gems/ruby-1.9.3-p194/gems/thin-1.3.1/lib/thin/runner.rb:151:in `run!'
	/usr/local/rvm/gems/ruby-1.9.3-p194/gems/thin-1.3.1/bin/thin:6:in `<top (required)>'
	/usr/local/rvm/gems/ruby-1.9.3-p194/bin/thin:23:in `load'
	/usr/local/rvm/gems/ruby-1.9.3-p194/bin/thin:23:in `<main>'
{"session_id"=>"eea8a0f8c5e6d3682af202594e079a6c2205e2633a7ca8d9270a9ba6a7fdffdd", "tracking"=>{"HTTP_USER_AGENT"=>"41298d698208180e3a0c40766a1a46074f6cd1e4", "HTTP_ACCEPT_ENCODING"=>"ed2b3ca90a4e723402367a1d17c8b28392842398", "HTTP_ACCEPT_LANGUAGE"=>"cc9f6fec652a4258bc6d29287052179ab1e0d147"}, "csrf"=>"24da8f873a2559befe35e67dfb5183bb40bb05fa51b7c970c7282e4d8621cbd9", "mail"=>"savd@corp.badoo.com"}
SocketError - getaddrinfo: Name or service not known:
	/usr/local/rvm/rubies/ruby-1.9.3-p194/lib64/ruby/1.9.1/net/http.rb:762:in `initialize'
	/usr/local/rvm/rubies/ruby-1.9.3-p194/lib64/ruby/1.9.1/net/http.rb:762:in `open'
	/usr/local/rvm/rubies/ruby-1.9.3-p194/lib64/ruby/1.9.1/net/http.rb:762:in `block in connect'
	/usr/local/rvm/rubies/ruby-1.9.3-p194/lib64/ruby/1.9.1/timeout.rb:54:in `timeout'
	/usr/local/rvm/rubies/ruby-1.9.3-p194/lib64/ruby/1.9.1/timeout.rb:99:in `timeout'
	/usr/local/rvm/rubies/ruby-1.9.3-p194/lib64/ruby/1.9.1/net/http.rb:762:in `connect'
	/usr/local/rvm/rubies/ruby-1.9.3-p194/lib64/ruby/1.9.1/net/http.rb:755:in `do_start'
	/usr/local/rvm/rubies/ruby-1.9.3-p194/lib64/ruby/1.9.1/net/http.rb:744:in `start'
	/usr/local/rvm/rubies/ruby-1.9.3-p194/lib64/ruby/1.9.1/net/http.rb:1284:in `request'
	/vagrant/tasks.rb:59:in `block in <top (required)>'
	/usr/local/rvm/gems/ruby-1.9.3-p194/gems/sinatra-1.3.2/lib/sinatra/base.rb:1212:in `call'
	/usr/local/rvm/gems/ruby-1.9.3-p194/gems/sinatra-1.3.2/lib/sinatra/base.rb:1212:in `block in compile!'
	/usr/local/rvm/gems/ruby-1.9.3-p194/gems/sinatra-1.3.2/lib/sinatra/base.rb:785:in `[]'
	/usr/local/rvm/gems/ruby-1.9.3-p194/gems/sinatra-1.3.2/lib/sinatra/base.rb:785:in `block (3 levels) in route!'
	/usr/local/rvm/gems/ruby-1.9.3-p194/gems/sinatra-1.3.2/lib/sinatra/base.rb:801:in `route_eval'
	/usr/local/rvm/gems/ruby-1.9.3-p194/gems/sinatra-1.3.2/lib/sinatra/base.rb:785:in `block (2 levels) in route!'
	/usr/local/rvm/gems/ruby-1.9.3-p194/gems/sinatra-1.3.2/lib/sinatra/base.rb:822:in `block in process_route'
	/usr/local/rvm/gems/ruby-1.9.3-p194/gems/sinatra-1.3.2/lib/sinatra/base.rb:820:in `catch'
	/usr/local/rvm/gems/ruby-1.9.3-p194/gems/sinatra-1.3.2/lib/sinatra/base.rb:820:in `process_route'
	/usr/local/rvm/gems/ruby-1.9.3-p194/gems/sinatra-1.3.2/lib/sinatra/base.rb:784:in `block in route!'
	/usr/local/rvm/gems/ruby-1.9.3-p194/gems/sinatra-1.3.2/lib/sinatra/base.rb:783:in `each'
	/usr/local/rvm/gems/ruby-1.9.3-p194/gems/sinatra-1.3.2/lib/sinatra/base.rb:783:in `route!'
	/usr/local/rvm/gems/ruby-1.9.3-p194/gems/sinatra-1.3.2/lib/sinatra/base.rb:886:in `dispatch!'
	/usr/local/rvm/gems/ruby-1.9.3-p194/gems/sinatra-1.3.2/lib/sinatra/base.rb:719:in `block in call!'
	/usr/local/rvm/gems/ruby-1.9.3-p194/gems/sinatra-1.3.2/lib/sinatra/base.rb:871:in `block in invoke'
	/usr/local/rvm/gems/ruby-1.9.3-p194/gems/sinatra-1.3.2/lib/sinatra/base.rb:871:in `catch'
	/usr/local/rvm/gems/ruby-1.9.3-p194/gems/sinatra-1.3.2/lib/sinatra/base.rb:871:in `invoke'
	/usr/local/rvm/gems/ruby-1.9.3-p194/gems/sinatra-1.3.2/lib/sinatra/base.rb:719:in `call!'
	/usr/local/rvm/gems/ruby-1.9.3-p194/gems/sinatra-1.3.2/lib/sinatra/base.rb:705:in `call'
	/usr/local/rvm/gems/ruby-1.9.3-p194/gems/rack-protection-1.2.0/lib/rack/protection/xss_header.rb:22:in `call'
	/usr/local/rvm/gems/ruby-1.9.3-p194/gems/rack-protection-1.2.0/lib/rack/protection/base.rb:47:in `call'
	/usr/local/rvm/gems/ruby-1.9.3-p194/gems/rack-protection-1.2.0/lib/rack/protection/base.rb:47:in `call'
	/usr/local/rvm/gems/ruby-1.9.3-p194/gems/rack-protection-1.2.0/lib/rack/protection/path_traversal.rb:16:in `call'
	/usr/local/rvm/gems/ruby-1.9.3-p194/gems/rack-protection-1.2.0/lib/rack/protection/json_csrf.rb:17:in `call'
	/usr/local/rvm/gems/ruby-1.9.3-p194/gems/rack-protection-1.2.0/lib/rack/protection/base.rb:47:in `call'
	/usr/local/rvm/gems/ruby-1.9.3-p194/gems/rack-protection-1.2.0/lib/rack/protection/xss_header.rb:22:in `call'
	/usr/local/rvm/gems/ruby-1.9.3-p194/gems/rack-1.4.1/lib/rack/session/abstract/id.rb:205:in `context'
	/usr/local/rvm/gems/ruby-1.9.3-p194/gems/rack-1.4.1/lib/rack/session/abstract/id.rb:200:in `call'
	/usr/local/rvm/gems/ruby-1.9.3-p194/gems/rack-1.4.1/lib/rack/logger.rb:15:in `call'
	/usr/local/rvm/gems/ruby-1.9.3-p194/gems/rack-1.4.1/lib/rack/head.rb:9:in `call'
	/usr/local/rvm/gems/ruby-1.9.3-p194/gems/rack-1.4.1/lib/rack/methodoverride.rb:21:in `call'
	/usr/local/rvm/gems/ruby-1.9.3-p194/gems/sinatra-1.3.2/lib/sinatra/showexceptions.rb:21:in `call'
	/usr/local/rvm/gems/ruby-1.9.3-p194/gems/sinatra-1.3.2/lib/sinatra/base.rb:1334:in `block in call'
	/usr/local/rvm/gems/ruby-1.9.3-p194/gems/sinatra-1.3.2/lib/sinatra/base.rb:1416:in `synchronize'
	/usr/local/rvm/gems/ruby-1.9.3-p194/gems/sinatra-1.3.2/lib/sinatra/base.rb:1334:in `call'
	/usr/local/rvm/gems/ruby-1.9.3-p194/gems/thin-1.3.1/lib/thin/connection.rb:80:in `block in pre_process'
	/usr/local/rvm/gems/ruby-1.9.3-p194/gems/thin-1.3.1/lib/thin/connection.rb:78:in `catch'
	/usr/local/rvm/gems/ruby-1.9.3-p194/gems/thin-1.3.1/lib/thin/connection.rb:78:in `pre_process'
	/usr/local/rvm/gems/ruby-1.9.3-p194/gems/thin-1.3.1/lib/thin/connection.rb:53:in `process'
	/usr/local/rvm/gems/ruby-1.9.3-p194/gems/thin-1.3.1/lib/thin/connection.rb:38:in `receive_data'
	/usr/local/rvm/gems/ruby-1.9.3-p194/gems/eventmachine-0.12.10/lib/eventmachine.rb:256:in `run_machine'
	/usr/local/rvm/gems/ruby-1.9.3-p194/gems/eventmachine-0.12.10/lib/eventmachine.rb:256:in `run'
	/usr/local/rvm/gems/ruby-1.9.3-p194/gems/thin-1.3.1/lib/thin/backends/base.rb:61:in `start'
	/usr/local/rvm/gems/ruby-1.9.3-p194/gems/thin-1.3.1/lib/thin/server.rb:159:in `start'
	/usr/local/rvm/gems/ruby-1.9.3-p194/gems/thin-1.3.1/lib/thin/controllers/controller.rb:86:in `start'
	/usr/local/rvm/gems/ruby-1.9.3-p194/gems/thin-1.3.1/lib/thin/runner.rb:185:in `run_command'
	/usr/local/rvm/gems/ruby-1.9.3-p194/gems/thin-1.3.1/lib/thin/runner.rb:151:in `run!'
	/usr/local/rvm/gems/ruby-1.9.3-p194/gems/thin-1.3.1/bin/thin:6:in `<top (required)>'
	/usr/local/rvm/gems/ruby-1.9.3-p194/bin/thin:23:in `load'
	/usr/local/rvm/gems/ruby-1.9.3-p194/bin/thin:23:in `<main>'
{"session_id"=>"eea8a0f8c5e6d3682af202594e079a6c2205e2633a7ca8d9270a9ba6a7fdffdd", "tracking"=>{"HTTP_USER_AGENT"=>"41298d698208180e3a0c40766a1a46074f6cd1e4", "HTTP_ACCEPT_ENCODING"=>"ed2b3ca90a4e723402367a1d17c8b28392842398", "HTTP_ACCEPT_LANGUAGE"=>"cc9f6fec652a4258bc6d29287052179ab1e0d147"}, "csrf"=>"24da8f873a2559befe35e67dfb5183bb40bb05fa51b7c970c7282e4d8621cbd9", "mail"=>"savd@corp.badoo.com"}
{"session_id"=>"eea8a0f8c5e6d3682af202594e079a6c2205e2633a7ca8d9270a9ba6a7fdffdd", "tracking"=>{"HTTP_USER_AGENT"=>"41298d698208180e3a0c40766a1a46074f6cd1e4", "HTTP_ACCEPT_ENCODING"=>"ed2b3ca90a4e723402367a1d17c8b28392842398", "HTTP_ACCEPT_LANGUAGE"=>"cc9f6fec652a4258bc6d29287052179ab1e0d147"}, "csrf"=>"24da8f873a2559befe35e67dfb5183bb40bb05fa51b7c970c7282e4d8621cbd9", "mail"=>"savd@corp.badoo.com"}
{"session_id"=>"eea8a0f8c5e6d3682af202594e079a6c2205e2633a7ca8d9270a9ba6a7fdffdd", "tracking"=>{"HTTP_USER_AGENT"=>"41298d698208180e3a0c40766a1a46074f6cd1e4", "HTTP_ACCEPT_ENCODING"=>"ed2b3ca90a4e723402367a1d17c8b28392842398", "HTTP_ACCEPT_LANGUAGE"=>"cc9f6fec652a4258bc6d29287052179ab1e0d147"}, "csrf"=>"24da8f873a2559befe35e67dfb5183bb40bb05fa51b7c970c7282e4d8621cbd9", "mail"=>"savd@corp.badoo.com"}
{"session_id"=>"eea8a0f8c5e6d3682af202594e079a6c2205e2633a7ca8d9270a9ba6a7fdffdd", "tracking"=>{"HTTP_USER_AGENT"=>"41298d698208180e3a0c40766a1a46074f6cd1e4", "HTTP_ACCEPT_ENCODING"=>"ed2b3ca90a4e723402367a1d17c8b28392842398", "HTTP_ACCEPT_LANGUAGE"=>"cc9f6fec652a4258bc6d29287052179ab1e0d147"}, "csrf"=>"24da8f873a2559befe35e67dfb5183bb40bb05fa51b7c970c7282e4d8621cbd9", "mail"=>"savd@corp.badoo.com"}
{"session_id"=>"eea8a0f8c5e6d3682af202594e079a6c2205e2633a7ca8d9270a9ba6a7fdffdd", "tracking"=>{"HTTP_USER_AGENT"=>"41298d698208180e3a0c40766a1a46074f6cd1e4", "HTTP_ACCEPT_ENCODING"=>"ed2b3ca90a4e723402367a1d17c8b28392842398", "HTTP_ACCEPT_LANGUAGE"=>"cc9f6fec652a4258bc6d29287052179ab1e0d147"}, "csrf"=>"24da8f873a2559befe35e67dfb5183bb40bb05fa51b7c970c7282e4d8621cbd9", "mail"=>"savd@corp.badoo.com"}
{"session_id"=>"eea8a0f8c5e6d3682af202594e079a6c2205e2633a7ca8d9270a9ba6a7fdffdd", "tracking"=>{"HTTP_USER_AGENT"=>"41298d698208180e3a0c40766a1a46074f6cd1e4", "HTTP_ACCEPT_ENCODING"=>"ed2b3ca90a4e723402367a1d17c8b28392842398", "HTTP_ACCEPT_LANGUAGE"=>"cc9f6fec652a4258bc6d29287052179ab1e0d147"}, "csrf"=>"24da8f873a2559befe35e67dfb5183bb40bb05fa51b7c970c7282e4d8621cbd9", "mail"=>"savd@corp.badoo.com"}
{"status"=>"okay", "email"=>"savd@corp.badoo.com", "audience"=>"http://localhost:8080", "expires"=>1349443141359, "issuer"=>"login.persona.org"}
{"session_id"=>"eea8a0f8c5e6d3682af202594e079a6c2205e2633a7ca8d9270a9ba6a7fdffdd", "tracking"=>{"HTTP_USER_AGENT"=>"41298d698208180e3a0c40766a1a46074f6cd1e4", "HTTP_ACCEPT_ENCODING"=>"ed2b3ca90a4e723402367a1d17c8b28392842398", "HTTP_ACCEPT_LANGUAGE"=>"cc9f6fec652a4258bc6d29287052179ab1e0d147"}, "csrf"=>"24da8f873a2559befe35e67dfb5183bb40bb05fa51b7c970c7282e4d8621cbd9", "mail"=>"savd@corp.badoo.com"}
savd@corp.badoo.com
savd@corp.badoo.com
{"session_id"=>"eea8a0f8c5e6d3682af202594e079a6c2205e2633a7ca8d9270a9ba6a7fdffdd", "tracking"=>{"HTTP_USER_AGENT"=>"41298d698208180e3a0c40766a1a46074f6cd1e4", "HTTP_ACCEPT_ENCODING"=>"ed2b3ca90a4e723402367a1d17c8b28392842398", "HTTP_ACCEPT_LANGUAGE"=>"cc9f6fec652a4258bc6d29287052179ab1e0d147"}, "csrf"=>"24da8f873a2559befe35e67dfb5183bb40bb05fa51b7c970c7282e4d8621cbd9", "mail"=>"savd@corp.badoo.com"}
{"session_id"=>"eea8a0f8c5e6d3682af202594e079a6c2205e2633a7ca8d9270a9ba6a7fdffdd", "tracking"=>{"HTTP_USER_AGENT"=>"41298d698208180e3a0c40766a1a46074f6cd1e4", "HTTP_ACCEPT_ENCODING"=>"ed2b3ca90a4e723402367a1d17c8b28392842398", "HTTP_ACCEPT_LANGUAGE"=>"cc9f6fec652a4258bc6d29287052179ab1e0d147"}, "csrf"=>"24da8f873a2559befe35e67dfb5183bb40bb05fa51b7c970c7282e4d8621cbd9", "mail"=>"savd@corp.badoo.com"}
{"session_id"=>"eea8a0f8c5e6d3682af202594e079a6c2205e2633a7ca8d9270a9ba6a7fdffdd", "tracking"=>{"HTTP_USER_AGENT"=>"41298d698208180e3a0c40766a1a46074f6cd1e4", "HTTP_ACCEPT_ENCODING"=>"ed2b3ca90a4e723402367a1d17c8b28392842398", "HTTP_ACCEPT_LANGUAGE"=>"cc9f6fec652a4258bc6d29287052179ab1e0d147"}, "csrf"=>"24da8f873a2559befe35e67dfb5183bb40bb05fa51b7c970c7282e4d8621cbd9", "mail"=>"savd@corp.badoo.com"}
"savd@corp.badoo.com"
>> Stopping ...
>> Exiting!
>> Writing PID to /vagrant/config/thin/tmp/thin.pid
>> Thin web server (v1.3.1 codename Triple Espresso)
>> Maximum connections set to 1024
>> Listening on 0.0.0.0:4567, CTRL+C to stop
>> Exiting!
/usr/local/rvm/gems/ruby-1.9.3-p194/gems/eventmachine-0.12.10/lib/eventmachine.rb:572:in `start_tcp_server': no acceptor (RuntimeError)
	from /usr/local/rvm/gems/ruby-1.9.3-p194/gems/eventmachine-0.12.10/lib/eventmachine.rb:572:in `start_server'
	from /usr/local/rvm/gems/ruby-1.9.3-p194/gems/thin-1.3.1/lib/thin/backends/tcp_server.rb:16:in `connect'
	from /usr/local/rvm/gems/ruby-1.9.3-p194/gems/thin-1.3.1/lib/thin/backends/base.rb:53:in `block in start'
	from /usr/local/rvm/gems/ruby-1.9.3-p194/gems/eventmachine-0.12.10/lib/eventmachine.rb:256:in `call'
	from /usr/local/rvm/gems/ruby-1.9.3-p194/gems/eventmachine-0.12.10/lib/eventmachine.rb:256:in `run_machine'
	from /usr/local/rvm/gems/ruby-1.9.3-p194/gems/eventmachine-0.12.10/lib/eventmachine.rb:256:in `run'
	from /usr/local/rvm/gems/ruby-1.9.3-p194/gems/thin-1.3.1/lib/thin/backends/base.rb:61:in `start'
	from /usr/local/rvm/gems/ruby-1.9.3-p194/gems/thin-1.3.1/lib/thin/server.rb:159:in `start'
	from /usr/local/rvm/gems/ruby-1.9.3-p194/gems/thin-1.3.1/lib/thin/controllers/controller.rb:86:in `start'
	from /usr/local/rvm/gems/ruby-1.9.3-p194/gems/thin-1.3.1/lib/thin/runner.rb:185:in `run_command'
	from /usr/local/rvm/gems/ruby-1.9.3-p194/gems/thin-1.3.1/lib/thin/runner.rb:151:in `run!'
	from /usr/local/rvm/gems/ruby-1.9.3-p194/gems/thin-1.3.1/bin/thin:6:in `<top (required)>'
	from /usr/local/rvm/gems/ruby-1.9.3-p194/bin/thin:23:in `load'
	from /usr/local/rvm/gems/ruby-1.9.3-p194/bin/thin:23:in `<main>'
>> Writing PID to /vagrant/config/thin/tmp/thin.pid
>> Thin web server (v1.3.1 codename Triple Espresso)
>> Maximum connections set to 1024
>> Listening on 0.0.0.0:4567, CTRL+C to stop
>> Exiting!
/usr/local/rvm/gems/ruby-1.9.3-p194/gems/eventmachine-0.12.10/lib/eventmachine.rb:572:in `start_tcp_server': no acceptor (RuntimeError)
	from /usr/local/rvm/gems/ruby-1.9.3-p194/gems/eventmachine-0.12.10/lib/eventmachine.rb:572:in `start_server'
	from /usr/local/rvm/gems/ruby-1.9.3-p194/gems/thin-1.3.1/lib/thin/backends/tcp_server.rb:16:in `connect'
	from /usr/local/rvm/gems/ruby-1.9.3-p194/gems/thin-1.3.1/lib/thin/backends/base.rb:53:in `block in start'
	from /usr/local/rvm/gems/ruby-1.9.3-p194/gems/eventmachine-0.12.10/lib/eventmachine.rb:256:in `call'
	from /usr/local/rvm/gems/ruby-1.9.3-p194/gems/eventmachine-0.12.10/lib/eventmachine.rb:256:in `run_machine'
	from /usr/local/rvm/gems/ruby-1.9.3-p194/gems/eventmachine-0.12.10/lib/eventmachine.rb:256:in `run'
	from /usr/local/rvm/gems/ruby-1.9.3-p194/gems/thin-1.3.1/lib/thin/backends/base.rb:61:in `start'
	from /usr/local/rvm/gems/ruby-1.9.3-p194/gems/thin-1.3.1/lib/thin/server.rb:159:in `start'
	from /usr/local/rvm/gems/ruby-1.9.3-p194/gems/thin-1.3.1/lib/thin/controllers/controller.rb:86:in `start'
	from /usr/local/rvm/gems/ruby-1.9.3-p194/gems/thin-1.3.1/lib/thin/runner.rb:185:in `run_command'
	from /usr/local/rvm/gems/ruby-1.9.3-p194/gems/thin-1.3.1/lib/thin/runner.rb:151:in `run!'
	from /usr/local/rvm/gems/ruby-1.9.3-p194/gems/thin-1.3.1/bin/thin:6:in `<top (required)>'
	from /usr/local/rvm/gems/ruby-1.9.3-p194/bin/thin:23:in `load'
	from /usr/local/rvm/gems/ruby-1.9.3-p194/bin/thin:23:in `<main>'
>> Writing PID to /vagrant/config/thin/tmp/thin.pid
>> Thin web server (v1.3.1 codename Triple Espresso)
>> Maximum connections set to 1024
>> Listening on 0.0.0.0:4567, CTRL+C to stop
>> Exiting!
/usr/local/rvm/gems/ruby-1.9.3-p194/gems/eventmachine-0.12.10/lib/eventmachine.rb:572:in `start_tcp_server': no acceptor (RuntimeError)
	from /usr/local/rvm/gems/ruby-1.9.3-p194/gems/eventmachine-0.12.10/lib/eventmachine.rb:572:in `start_server'
	from /usr/local/rvm/gems/ruby-1.9.3-p194/gems/thin-1.3.1/lib/thin/backends/tcp_server.rb:16:in `connect'
	from /usr/local/rvm/gems/ruby-1.9.3-p194/gems/thin-1.3.1/lib/thin/backends/base.rb:53:in `block in start'
	from /usr/local/rvm/gems/ruby-1.9.3-p194/gems/eventmachine-0.12.10/lib/eventmachine.rb:256:in `call'
	from /usr/local/rvm/gems/ruby-1.9.3-p194/gems/eventmachine-0.12.10/lib/eventmachine.rb:256:in `run_machine'
	from /usr/local/rvm/gems/ruby-1.9.3-p194/gems/eventmachine-0.12.10/lib/eventmachine.rb:256:in `run'
	from /usr/local/rvm/gems/ruby-1.9.3-p194/gems/thin-1.3.1/lib/thin/backends/base.rb:61:in `start'
	from /usr/local/rvm/gems/ruby-1.9.3-p194/gems/thin-1.3.1/lib/thin/server.rb:159:in `start'
	from /usr/local/rvm/gems/ruby-1.9.3-p194/gems/thin-1.3.1/lib/thin/controllers/controller.rb:86:in `start'
	from /usr/local/rvm/gems/ruby-1.9.3-p194/gems/thin-1.3.1/lib/thin/runner.rb:185:in `run_command'
	from /usr/local/rvm/gems/ruby-1.9.3-p194/gems/thin-1.3.1/lib/thin/runner.rb:151:in `run!'
	from /usr/local/rvm/gems/ruby-1.9.3-p194/gems/thin-1.3.1/bin/thin:6:in `<top (required)>'
	from /usr/local/rvm/gems/ruby-1.9.3-p194/bin/thin:23:in `load'
	from /usr/local/rvm/gems/ruby-1.9.3-p194/bin/thin:23:in `<main>'
>> Writing PID to /vagrant/config/thin/tmp/thin.pid
>> Thin web server (v1.3.1 codename Triple Espresso)
>> Maximum connections set to 1024
>> Listening on 0.0.0.0:4567, CTRL+C to stop
>> Exiting!
/usr/local/rvm/gems/ruby-1.9.3-p194/gems/eventmachine-0.12.10/lib/eventmachine.rb:572:in `start_tcp_server': no acceptor (RuntimeError)
	from /usr/local/rvm/gems/ruby-1.9.3-p194/gems/eventmachine-0.12.10/lib/eventmachine.rb:572:in `start_server'
	from /usr/local/rvm/gems/ruby-1.9.3-p194/gems/thin-1.3.1/lib/thin/backends/tcp_server.rb:16:in `connect'
	from /usr/local/rvm/gems/ruby-1.9.3-p194/gems/thin-1.3.1/lib/thin/backends/base.rb:53:in `block in start'
	from /usr/local/rvm/gems/ruby-1.9.3-p194/gems/eventmachine-0.12.10/lib/eventmachine.rb:256:in `call'
	from /usr/local/rvm/gems/ruby-1.9.3-p194/gems/eventmachine-0.12.10/lib/eventmachine.rb:256:in `run_machine'
	from /usr/local/rvm/gems/ruby-1.9.3-p194/gems/eventmachine-0.12.10/lib/eventmachine.rb:256:in `run'
	from /usr/local/rvm/gems/ruby-1.9.3-p194/gems/thin-1.3.1/lib/thin/backends/base.rb:61:in `start'
	from /usr/local/rvm/gems/ruby-1.9.3-p194/gems/thin-1.3.1/lib/thin/server.rb:159:in `start'
	from /usr/local/rvm/gems/ruby-1.9.3-p194/gems/thin-1.3.1/lib/thin/controllers/controller.rb:86:in `start'
	from /usr/local/rvm/gems/ruby-1.9.3-p194/gems/thin-1.3.1/lib/thin/runner.rb:185:in `run_command'
	from /usr/local/rvm/gems/ruby-1.9.3-p194/gems/thin-1.3.1/lib/thin/runner.rb:151:in `run!'
	from /usr/local/rvm/gems/ruby-1.9.3-p194/gems/thin-1.3.1/bin/thin:6:in `<top (required)>'
	from /usr/local/rvm/gems/ruby-1.9.3-p194/bin/thin:23:in `load'
	from /usr/local/rvm/gems/ruby-1.9.3-p194/bin/thin:23:in `<main>'
>> Writing PID to /vagrant/config/thin/tmp/thin.pid
>> Thin web server (v1.3.1 codename Triple Espresso)
>> Maximum connections set to 1024
>> Listening on 0.0.0.0:4567, CTRL+C to stop
>> Exiting!
/usr/local/rvm/gems/ruby-1.9.3-p194/gems/eventmachine-0.12.10/lib/eventmachine.rb:572:in `start_tcp_server': no acceptor (RuntimeError)
	from /usr/local/rvm/gems/ruby-1.9.3-p194/gems/eventmachine-0.12.10/lib/eventmachine.rb:572:in `start_server'
	from /usr/local/rvm/gems/ruby-1.9.3-p194/gems/thin-1.3.1/lib/thin/backends/tcp_server.rb:16:in `connect'
	from /usr/local/rvm/gems/ruby-1.9.3-p194/gems/thin-1.3.1/lib/thin/backends/base.rb:53:in `block in start'
	from /usr/local/rvm/gems/ruby-1.9.3-p194/gems/eventmachine-0.12.10/lib/eventmachine.rb:256:in `call'
	from /usr/local/rvm/gems/ruby-1.9.3-p194/gems/eventmachine-0.12.10/lib/eventmachine.rb:256:in `run_machine'
	from /usr/local/rvm/gems/ruby-1.9.3-p194/gems/eventmachine-0.12.10/lib/eventmachine.rb:256:in `run'
	from /usr/local/rvm/gems/ruby-1.9.3-p194/gems/thin-1.3.1/lib/thin/backends/base.rb:61:in `start'
	from /usr/local/rvm/gems/ruby-1.9.3-p194/gems/thin-1.3.1/lib/thin/server.rb:159:in `start'
	from /usr/local/rvm/gems/ruby-1.9.3-p194/gems/thin-1.3.1/lib/thin/controllers/controller.rb:86:in `start'
	from /usr/local/rvm/gems/ruby-1.9.3-p194/gems/thin-1.3.1/lib/thin/runner.rb:185:in `run_command'
	from /usr/local/rvm/gems/ruby-1.9.3-p194/gems/thin-1.3.1/lib/thin/runner.rb:151:in `run!'
	from /usr/local/rvm/gems/ruby-1.9.3-p194/gems/thin-1.3.1/bin/thin:6:in `<top (required)>'
	from /usr/local/rvm/gems/ruby-1.9.3-p194/bin/thin:23:in `load'
	from /usr/local/rvm/gems/ruby-1.9.3-p194/bin/thin:23:in `<main>'
>> Writing PID to /vagrant/config/thin/tmp/thin.pid
>> Thin web server (v1.3.1 codename Triple Espresso)
>> Debugging ON
>> Maximum connections set to 1024
>> Listening on 0.0.0.0:4567, CTRL+C to stop
>> Exiting!
/usr/local/rvm/gems/ruby-1.9.3-p194/gems/eventmachine-0.12.10/lib/eventmachine.rb:572:in `start_tcp_server': no acceptor (RuntimeError)
	from /usr/local/rvm/gems/ruby-1.9.3-p194/gems/eventmachine-0.12.10/lib/eventmachine.rb:572:in `start_server'
	from /usr/local/rvm/gems/ruby-1.9.3-p194/gems/thin-1.3.1/lib/thin/backends/tcp_server.rb:16:in `connect'
	from /usr/local/rvm/gems/ruby-1.9.3-p194/gems/thin-1.3.1/lib/thin/backends/base.rb:53:in `block in start'
	from /usr/local/rvm/gems/ruby-1.9.3-p194/gems/eventmachine-0.12.10/lib/eventmachine.rb:256:in `call'
	from /usr/local/rvm/gems/ruby-1.9.3-p194/gems/eventmachine-0.12.10/lib/eventmachine.rb:256:in `run_machine'
	from /usr/local/rvm/gems/ruby-1.9.3-p194/gems/eventmachine-0.12.10/lib/eventmachine.rb:256:in `run'
	from /usr/local/rvm/gems/ruby-1.9.3-p194/gems/thin-1.3.1/lib/thin/backends/base.rb:61:in `start'
	from /usr/local/rvm/gems/ruby-1.9.3-p194/gems/thin-1.3.1/lib/thin/server.rb:159:in `start'
	from /usr/local/rvm/gems/ruby-1.9.3-p194/gems/thin-1.3.1/lib/thin/controllers/controller.rb:86:in `start'
	from /usr/local/rvm/gems/ruby-1.9.3-p194/gems/thin-1.3.1/lib/thin/runner.rb:185:in `run_command'
	from /usr/local/rvm/gems/ruby-1.9.3-p194/gems/thin-1.3.1/lib/thin/runner.rb:151:in `run!'
	from /usr/local/rvm/gems/ruby-1.9.3-p194/gems/thin-1.3.1/bin/thin:6:in `<top (required)>'
	from /usr/local/rvm/gems/ruby-1.9.3-p194/bin/thin:23:in `load'
	from /usr/local/rvm/gems/ruby-1.9.3-p194/bin/thin:23:in `<main>'
>> Writing PID to /vagrant/config/thin/tmp/thin.pid
>> Thin web server (v1.3.1 codename Triple Espresso)
>> Maximum connections set to 1024
>> Listening on 0.0.0.0:4567, CTRL+C to stop
W, [2012-10-17T18:15:58.474397 #8611]  WARN -- : attack prevented by Rack::Protection::SessionHijacking
>> Stopping ...
>> Exiting!
>> Writing PID to /vagrant/config/thin/tmp/thin.pid
>> Thin web server (v1.3.1 codename Triple Espresso)
>> Maximum connections set to 1024
>> Listening on 0.0.0.0:4567, CTRL+C to stop
>> Stopping ...
>> Exiting!
>> Writing PID to /vagrant/config/thin/tmp/thin.pid
>> Thin web server (v1.3.1 codename Triple Espresso)
>> Maximum connections set to 1024
>> Listening on 0.0.0.0:4567, CTRL+C to stop
>> Stopping ...
>> Exiting!
>> Writing PID to /vagrant/config/thin/tmp/thin.pid
>> Thin web server (v1.3.1 codename Triple Espresso)
>> Maximum connections set to 1024
>> Listening on 0.0.0.0:4567, CTRL+C to stop
LoadError - cannot load such file -- lib/auth.rb:
	/vagrant/tasks.rb:8:in `require'
	/vagrant/tasks.rb:8:in `<top (required)>'
	/usr/local/rvm/gems/ruby-1.9.3-p194/gems/sinatra-contrib-1.3.1/lib/sinatra/reloader.rb:222:in `require'
	/usr/local/rvm/gems/ruby-1.9.3-p194/gems/sinatra-contrib-1.3.1/lib/sinatra/reloader.rb:222:in `block in perform'
	/usr/local/rvm/gems/ruby-1.9.3-p194/gems/sinatra-contrib-1.3.1/lib/sinatra/reloader.rb:218:in `each'
	/usr/local/rvm/gems/ruby-1.9.3-p194/gems/sinatra-contrib-1.3.1/lib/sinatra/reloader.rb:218:in `perform'
	/usr/local/rvm/gems/ruby-1.9.3-p194/gems/sinatra-contrib-1.3.1/lib/sinatra/reloader.rb:209:in `block in registered'
	/usr/local/rvm/gems/ruby-1.9.3-p194/gems/sinatra-1.3.2/lib/sinatra/base.rb:1212:in `call'
	/usr/local/rvm/gems/ruby-1.9.3-p194/gems/sinatra-1.3.2/lib/sinatra/base.rb:1212:in `block in compile!'
	/usr/local/rvm/gems/ruby-1.9.3-p194/gems/sinatra-1.3.2/lib/sinatra/base.rb:822:in `[]'
	/usr/local/rvm/gems/ruby-1.9.3-p194/gems/sinatra-1.3.2/lib/sinatra/base.rb:822:in `block in process_route'
	/usr/local/rvm/gems/ruby-1.9.3-p194/gems/sinatra-1.3.2/lib/sinatra/base.rb:820:in `catch'
	/usr/local/rvm/gems/ruby-1.9.3-p194/gems/sinatra-1.3.2/lib/sinatra/base.rb:820:in `process_route'
	/usr/local/rvm/gems/ruby-1.9.3-p194/gems/sinatra-1.3.2/lib/sinatra/base.rb:777:in `block in filter!'
	/usr/local/rvm/gems/ruby-1.9.3-p194/gems/sinatra-1.3.2/lib/sinatra/base.rb:777:in `each'
	/usr/local/rvm/gems/ruby-1.9.3-p194/gems/sinatra-1.3.2/lib/sinatra/base.rb:777:in `filter!'
	/usr/local/rvm/gems/ruby-1.9.3-p194/gems/sinatra-1.3.2/lib/sinatra/base.rb:885:in `dispatch!'
	/usr/local/rvm/gems/ruby-1.9.3-p194/gems/sinatra-1.3.2/lib/sinatra/base.rb:719:in `block in call!'
	/usr/local/rvm/gems/ruby-1.9.3-p194/gems/sinatra-1.3.2/lib/sinatra/base.rb:871:in `block in invoke'
	/usr/local/rvm/gems/ruby-1.9.3-p194/gems/sinatra-1.3.2/lib/sinatra/base.rb:871:in `catch'
	/usr/local/rvm/gems/ruby-1.9.3-p194/gems/sinatra-1.3.2/lib/sinatra/base.rb:871:in `invoke'
	/usr/local/rvm/gems/ruby-1.9.3-p194/gems/sinatra-1.3.2/lib/sinatra/base.rb:719:in `call!'
	/usr/local/rvm/gems/ruby-1.9.3-p194/gems/sinatra-1.3.2/lib/sinatra/base.rb:705:in `call'
	/usr/local/rvm/gems/ruby-1.9.3-p194/gems/rack-protection-1.2.0/lib/rack/protection/xss_header.rb:22:in `call'
	/usr/local/rvm/gems/ruby-1.9.3-p194/gems/rack-protection-1.2.0/lib/rack/protection/base.rb:47:in `call'
	/usr/local/rvm/gems/ruby-1.9.3-p194/gems/rack-protection-1.2.0/lib/rack/protection/base.rb:47:in `call'
	/usr/local/rvm/gems/ruby-1.9.3-p194/gems/rack-protection-1.2.0/lib/rack/protection/path_traversal.rb:16:in `call'
	/usr/local/rvm/gems/ruby-1.9.3-p194/gems/rack-protection-1.2.0/lib/rack/protection/json_csrf.rb:17:in `call'
	/usr/local/rvm/gems/ruby-1.9.3-p194/gems/rack-protection-1.2.0/lib/rack/protection/base.rb:47:in `call'
	/usr/local/rvm/gems/ruby-1.9.3-p194/gems/rack-protection-1.2.0/lib/rack/protection/xss_header.rb:22:in `call'
	/usr/local/rvm/gems/ruby-1.9.3-p194/gems/rack-1.4.1/lib/rack/session/abstract/id.rb:205:in `context'
	/usr/local/rvm/gems/ruby-1.9.3-p194/gems/rack-1.4.1/lib/rack/session/abstract/id.rb:200:in `call'
	/usr/local/rvm/gems/ruby-1.9.3-p194/gems/rack-1.4.1/lib/rack/logger.rb:15:in `call'
	/usr/local/rvm/gems/ruby-1.9.3-p194/gems/rack-1.4.1/lib/rack/head.rb:9:in `call'
	/usr/local/rvm/gems/ruby-1.9.3-p194/gems/rack-1.4.1/lib/rack/methodoverride.rb:21:in `call'
	/usr/local/rvm/gems/ruby-1.9.3-p194/gems/sinatra-1.3.2/lib/sinatra/showexceptions.rb:21:in `call'
	/usr/local/rvm/gems/ruby-1.9.3-p194/gems/sinatra-1.3.2/lib/sinatra/base.rb:1334:in `block in call'
	/usr/local/rvm/gems/ruby-1.9.3-p194/gems/sinatra-1.3.2/lib/sinatra/base.rb:1416:in `synchronize'
	/usr/local/rvm/gems/ruby-1.9.3-p194/gems/sinatra-1.3.2/lib/sinatra/base.rb:1334:in `call'
	/usr/local/rvm/gems/ruby-1.9.3-p194/gems/thin-1.3.1/lib/thin/connection.rb:80:in `block in pre_process'
	/usr/local/rvm/gems/ruby-1.9.3-p194/gems/thin-1.3.1/lib/thin/connection.rb:78:in `catch'
	/usr/local/rvm/gems/ruby-1.9.3-p194/gems/thin-1.3.1/lib/thin/connection.rb:78:in `pre_process'
	/usr/local/rvm/gems/ruby-1.9.3-p194/gems/thin-1.3.1/lib/thin/connection.rb:53:in `process'
	/usr/local/rvm/gems/ruby-1.9.3-p194/gems/thin-1.3.1/lib/thin/connection.rb:38:in `receive_data'
	/usr/local/rvm/gems/ruby-1.9.3-p194/gems/eventmachine-0.12.10/lib/eventmachine.rb:256:in `run_machine'
	/usr/local/rvm/gems/ruby-1.9.3-p194/gems/eventmachine-0.12.10/lib/eventmachine.rb:256:in `run'
	/usr/local/rvm/gems/ruby-1.9.3-p194/gems/thin-1.3.1/lib/thin/backends/base.rb:61:in `start'
	/usr/local/rvm/gems/ruby-1.9.3-p194/gems/thin-1.3.1/lib/thin/server.rb:159:in `start'
	/usr/local/rvm/gems/ruby-1.9.3-p194/gems/thin-1.3.1/lib/thin/controllers/controller.rb:86:in `start'
	/usr/local/rvm/gems/ruby-1.9.3-p194/gems/thin-1.3.1/lib/thin/runner.rb:185:in `run_command'
	/usr/local/rvm/gems/ruby-1.9.3-p194/gems/thin-1.3.1/lib/thin/runner.rb:151:in `run!'
	/usr/local/rvm/gems/ruby-1.9.3-p194/gems/thin-1.3.1/bin/thin:6:in `<top (required)>'
	/usr/local/rvm/gems/ruby-1.9.3-p194/bin/thin:23:in `load'
	/usr/local/rvm/gems/ruby-1.9.3-p194/bin/thin:23:in `<main>'
LoadError - cannot load such file -- lib/auth.rb:
	/vagrant/tasks.rb:8:in `require'
	/vagrant/tasks.rb:8:in `<top (required)>'
	/usr/local/rvm/gems/ruby-1.9.3-p194/gems/sinatra-contrib-1.3.1/lib/sinatra/reloader.rb:222:in `require'
	/usr/local/rvm/gems/ruby-1.9.3-p194/gems/sinatra-contrib-1.3.1/lib/sinatra/reloader.rb:222:in `block in perform'
	/usr/local/rvm/gems/ruby-1.9.3-p194/gems/sinatra-contrib-1.3.1/lib/sinatra/reloader.rb:218:in `each'
	/usr/local/rvm/gems/ruby-1.9.3-p194/gems/sinatra-contrib-1.3.1/lib/sinatra/reloader.rb:218:in `perform'
	/usr/local/rvm/gems/ruby-1.9.3-p194/gems/sinatra-contrib-1.3.1/lib/sinatra/reloader.rb:209:in `block in registered'
	/usr/local/rvm/gems/ruby-1.9.3-p194/gems/sinatra-1.3.2/lib/sinatra/base.rb:1212:in `call'
	/usr/local/rvm/gems/ruby-1.9.3-p194/gems/sinatra-1.3.2/lib/sinatra/base.rb:1212:in `block in compile!'
	/usr/local/rvm/gems/ruby-1.9.3-p194/gems/sinatra-1.3.2/lib/sinatra/base.rb:822:in `[]'
	/usr/local/rvm/gems/ruby-1.9.3-p194/gems/sinatra-1.3.2/lib/sinatra/base.rb:822:in `block in process_route'
	/usr/local/rvm/gems/ruby-1.9.3-p194/gems/sinatra-1.3.2/lib/sinatra/base.rb:820:in `catch'
	/usr/local/rvm/gems/ruby-1.9.3-p194/gems/sinatra-1.3.2/lib/sinatra/base.rb:820:in `process_route'
	/usr/local/rvm/gems/ruby-1.9.3-p194/gems/sinatra-1.3.2/lib/sinatra/base.rb:777:in `block in filter!'
	/usr/local/rvm/gems/ruby-1.9.3-p194/gems/sinatra-1.3.2/lib/sinatra/base.rb:777:in `each'
	/usr/local/rvm/gems/ruby-1.9.3-p194/gems/sinatra-1.3.2/lib/sinatra/base.rb:777:in `filter!'
	/usr/local/rvm/gems/ruby-1.9.3-p194/gems/sinatra-1.3.2/lib/sinatra/base.rb:885:in `dispatch!'
	/usr/local/rvm/gems/ruby-1.9.3-p194/gems/sinatra-1.3.2/lib/sinatra/base.rb:719:in `block in call!'
	/usr/local/rvm/gems/ruby-1.9.3-p194/gems/sinatra-1.3.2/lib/sinatra/base.rb:871:in `block in invoke'
	/usr/local/rvm/gems/ruby-1.9.3-p194/gems/sinatra-1.3.2/lib/sinatra/base.rb:871:in `catch'
	/usr/local/rvm/gems/ruby-1.9.3-p194/gems/sinatra-1.3.2/lib/sinatra/base.rb:871:in `invoke'
	/usr/local/rvm/gems/ruby-1.9.3-p194/gems/sinatra-1.3.2/lib/sinatra/base.rb:719:in `call!'
	/usr/local/rvm/gems/ruby-1.9.3-p194/gems/sinatra-1.3.2/lib/sinatra/base.rb:705:in `call'
	/usr/local/rvm/gems/ruby-1.9.3-p194/gems/rack-protection-1.2.0/lib/rack/protection/xss_header.rb:22:in `call'
	/usr/local/rvm/gems/ruby-1.9.3-p194/gems/rack-protection-1.2.0/lib/rack/protection/base.rb:47:in `call'
	/usr/local/rvm/gems/ruby-1.9.3-p194/gems/rack-protection-1.2.0/lib/rack/protection/base.rb:47:in `call'
	/usr/local/rvm/gems/ruby-1.9.3-p194/gems/rack-protection-1.2.0/lib/rack/protection/path_traversal.rb:16:in `call'
	/usr/local/rvm/gems/ruby-1.9.3-p194/gems/rack-protection-1.2.0/lib/rack/protection/json_csrf.rb:17:in `call'
	/usr/local/rvm/gems/ruby-1.9.3-p194/gems/rack-protection-1.2.0/lib/rack/protection/base.rb:47:in `call'
	/usr/local/rvm/gems/ruby-1.9.3-p194/gems/rack-protection-1.2.0/lib/rack/protection/xss_header.rb:22:in `call'
	/usr/local/rvm/gems/ruby-1.9.3-p194/gems/rack-1.4.1/lib/rack/session/abstract/id.rb:205:in `context'
	/usr/local/rvm/gems/ruby-1.9.3-p194/gems/rack-1.4.1/lib/rack/session/abstract/id.rb:200:in `call'
	/usr/local/rvm/gems/ruby-1.9.3-p194/gems/rack-1.4.1/lib/rack/logger.rb:15:in `call'
	/usr/local/rvm/gems/ruby-1.9.3-p194/gems/rack-1.4.1/lib/rack/head.rb:9:in `call'
	/usr/local/rvm/gems/ruby-1.9.3-p194/gems/rack-1.4.1/lib/rack/methodoverride.rb:21:in `call'
	/usr/local/rvm/gems/ruby-1.9.3-p194/gems/sinatra-1.3.2/lib/sinatra/showexceptions.rb:21:in `call'
	/usr/local/rvm/gems/ruby-1.9.3-p194/gems/sinatra-1.3.2/lib/sinatra/base.rb:1334:in `block in call'
	/usr/local/rvm/gems/ruby-1.9.3-p194/gems/sinatra-1.3.2/lib/sinatra/base.rb:1416:in `synchronize'
	/usr/local/rvm/gems/ruby-1.9.3-p194/gems/sinatra-1.3.2/lib/sinatra/base.rb:1334:in `call'
	/usr/local/rvm/gems/ruby-1.9.3-p194/gems/thin-1.3.1/lib/thin/connection.rb:80:in `block in pre_process'
	/usr/local/rvm/gems/ruby-1.9.3-p194/gems/thin-1.3.1/lib/thin/connection.rb:78:in `catch'
	/usr/local/rvm/gems/ruby-1.9.3-p194/gems/thin-1.3.1/lib/thin/connection.rb:78:in `pre_process'
	/usr/local/rvm/gems/ruby-1.9.3-p194/gems/thin-1.3.1/lib/thin/connection.rb:53:in `process'
	/usr/local/rvm/gems/ruby-1.9.3-p194/gems/thin-1.3.1/lib/thin/connection.rb:38:in `receive_data'
	/usr/local/rvm/gems/ruby-1.9.3-p194/gems/eventmachine-0.12.10/lib/eventmachine.rb:256:in `run_machine'
	/usr/local/rvm/gems/ruby-1.9.3-p194/gems/eventmachine-0.12.10/lib/eventmachine.rb:256:in `run'
	/usr/local/rvm/gems/ruby-1.9.3-p194/gems/thin-1.3.1/lib/thin/backends/base.rb:61:in `start'
	/usr/local/rvm/gems/ruby-1.9.3-p194/gems/thin-1.3.1/lib/thin/server.rb:159:in `start'
	/usr/local/rvm/gems/ruby-1.9.3-p194/gems/thin-1.3.1/lib/thin/controllers/controller.rb:86:in `start'
	/usr/local/rvm/gems/ruby-1.9.3-p194/gems/thin-1.3.1/lib/thin/runner.rb:185:in `run_command'
	/usr/local/rvm/gems/ruby-1.9.3-p194/gems/thin-1.3.1/lib/thin/runner.rb:151:in `run!'
	/usr/local/rvm/gems/ruby-1.9.3-p194/gems/thin-1.3.1/bin/thin:6:in `<top (required)>'
	/usr/local/rvm/gems/ruby-1.9.3-p194/bin/thin:23:in `load'
	/usr/local/rvm/gems/ruby-1.9.3-p194/bin/thin:23:in `<main>'
LoadError - cannot load such file -- lib/auth.rb:
	/vagrant/tasks.rb:8:in `require'
	/vagrant/tasks.rb:8:in `<top (required)>'
	/usr/local/rvm/gems/ruby-1.9.3-p194/gems/sinatra-contrib-1.3.1/lib/sinatra/reloader.rb:222:in `require'
	/usr/local/rvm/gems/ruby-1.9.3-p194/gems/sinatra-contrib-1.3.1/lib/sinatra/reloader.rb:222:in `block in perform'
	/usr/local/rvm/gems/ruby-1.9.3-p194/gems/sinatra-contrib-1.3.1/lib/sinatra/reloader.rb:218:in `each'
	/usr/local/rvm/gems/ruby-1.9.3-p194/gems/sinatra-contrib-1.3.1/lib/sinatra/reloader.rb:218:in `perform'
	/usr/local/rvm/gems/ruby-1.9.3-p194/gems/sinatra-contrib-1.3.1/lib/sinatra/reloader.rb:209:in `block in registered'
	/usr/local/rvm/gems/ruby-1.9.3-p194/gems/sinatra-1.3.2/lib/sinatra/base.rb:1212:in `call'
	/usr/local/rvm/gems/ruby-1.9.3-p194/gems/sinatra-1.3.2/lib/sinatra/base.rb:1212:in `block in compile!'
	/usr/local/rvm/gems/ruby-1.9.3-p194/gems/sinatra-1.3.2/lib/sinatra/base.rb:822:in `[]'
	/usr/local/rvm/gems/ruby-1.9.3-p194/gems/sinatra-1.3.2/lib/sinatra/base.rb:822:in `block in process_route'
	/usr/local/rvm/gems/ruby-1.9.3-p194/gems/sinatra-1.3.2/lib/sinatra/base.rb:820:in `catch'
	/usr/local/rvm/gems/ruby-1.9.3-p194/gems/sinatra-1.3.2/lib/sinatra/base.rb:820:in `process_route'
	/usr/local/rvm/gems/ruby-1.9.3-p194/gems/sinatra-1.3.2/lib/sinatra/base.rb:777:in `block in filter!'
	/usr/local/rvm/gems/ruby-1.9.3-p194/gems/sinatra-1.3.2/lib/sinatra/base.rb:777:in `each'
	/usr/local/rvm/gems/ruby-1.9.3-p194/gems/sinatra-1.3.2/lib/sinatra/base.rb:777:in `filter!'
	/usr/local/rvm/gems/ruby-1.9.3-p194/gems/sinatra-1.3.2/lib/sinatra/base.rb:885:in `dispatch!'
	/usr/local/rvm/gems/ruby-1.9.3-p194/gems/sinatra-1.3.2/lib/sinatra/base.rb:719:in `block in call!'
	/usr/local/rvm/gems/ruby-1.9.3-p194/gems/sinatra-1.3.2/lib/sinatra/base.rb:871:in `block in invoke'
	/usr/local/rvm/gems/ruby-1.9.3-p194/gems/sinatra-1.3.2/lib/sinatra/base.rb:871:in `catch'
	/usr/local/rvm/gems/ruby-1.9.3-p194/gems/sinatra-1.3.2/lib/sinatra/base.rb:871:in `invoke'
	/usr/local/rvm/gems/ruby-1.9.3-p194/gems/sinatra-1.3.2/lib/sinatra/base.rb:719:in `call!'
	/usr/local/rvm/gems/ruby-1.9.3-p194/gems/sinatra-1.3.2/lib/sinatra/base.rb:705:in `call'
	/usr/local/rvm/gems/ruby-1.9.3-p194/gems/rack-protection-1.2.0/lib/rack/protection/xss_header.rb:22:in `call'
	/usr/local/rvm/gems/ruby-1.9.3-p194/gems/rack-protection-1.2.0/lib/rack/protection/base.rb:47:in `call'
	/usr/local/rvm/gems/ruby-1.9.3-p194/gems/rack-protection-1.2.0/lib/rack/protection/base.rb:47:in `call'
	/usr/local/rvm/gems/ruby-1.9.3-p194/gems/rack-protection-1.2.0/lib/rack/protection/path_traversal.rb:16:in `call'
	/usr/local/rvm/gems/ruby-1.9.3-p194/gems/rack-protection-1.2.0/lib/rack/protection/json_csrf.rb:17:in `call'
	/usr/local/rvm/gems/ruby-1.9.3-p194/gems/rack-protection-1.2.0/lib/rack/protection/base.rb:47:in `call'
	/usr/local/rvm/gems/ruby-1.9.3-p194/gems/rack-protection-1.2.0/lib/rack/protection/xss_header.rb:22:in `call'
	/usr/local/rvm/gems/ruby-1.9.3-p194/gems/rack-1.4.1/lib/rack/session/abstract/id.rb:205:in `context'
	/usr/local/rvm/gems/ruby-1.9.3-p194/gems/rack-1.4.1/lib/rack/session/abstract/id.rb:200:in `call'
	/usr/local/rvm/gems/ruby-1.9.3-p194/gems/rack-1.4.1/lib/rack/logger.rb:15:in `call'
	/usr/local/rvm/gems/ruby-1.9.3-p194/gems/rack-1.4.1/lib/rack/head.rb:9:in `call'
	/usr/local/rvm/gems/ruby-1.9.3-p194/gems/rack-1.4.1/lib/rack/methodoverride.rb:21:in `call'
	/usr/local/rvm/gems/ruby-1.9.3-p194/gems/sinatra-1.3.2/lib/sinatra/showexceptions.rb:21:in `call'
	/usr/local/rvm/gems/ruby-1.9.3-p194/gems/sinatra-1.3.2/lib/sinatra/base.rb:1334:in `block in call'
	/usr/local/rvm/gems/ruby-1.9.3-p194/gems/sinatra-1.3.2/lib/sinatra/base.rb:1416:in `synchronize'
	/usr/local/rvm/gems/ruby-1.9.3-p194/gems/sinatra-1.3.2/lib/sinatra/base.rb:1334:in `call'
	/usr/local/rvm/gems/ruby-1.9.3-p194/gems/thin-1.3.1/lib/thin/connection.rb:80:in `block in pre_process'
	/usr/local/rvm/gems/ruby-1.9.3-p194/gems/thin-1.3.1/lib/thin/connection.rb:78:in `catch'
	/usr/local/rvm/gems/ruby-1.9.3-p194/gems/thin-1.3.1/lib/thin/connection.rb:78:in `pre_process'
	/usr/local/rvm/gems/ruby-1.9.3-p194/gems/thin-1.3.1/lib/thin/connection.rb:53:in `process'
	/usr/local/rvm/gems/ruby-1.9.3-p194/gems/thin-1.3.1/lib/thin/connection.rb:38:in `receive_data'
	/usr/local/rvm/gems/ruby-1.9.3-p194/gems/eventmachine-0.12.10/lib/eventmachine.rb:256:in `run_machine'
	/usr/local/rvm/gems/ruby-1.9.3-p194/gems/eventmachine-0.12.10/lib/eventmachine.rb:256:in `run'
	/usr/local/rvm/gems/ruby-1.9.3-p194/gems/thin-1.3.1/lib/thin/backends/base.rb:61:in `start'
	/usr/local/rvm/gems/ruby-1.9.3-p194/gems/thin-1.3.1/lib/thin/server.rb:159:in `start'
	/usr/local/rvm/gems/ruby-1.9.3-p194/gems/thin-1.3.1/lib/thin/controllers/controller.rb:86:in `start'
	/usr/local/rvm/gems/ruby-1.9.3-p194/gems/thin-1.3.1/lib/thin/runner.rb:185:in `run_command'
	/usr/local/rvm/gems/ruby-1.9.3-p194/gems/thin-1.3.1/lib/thin/runner.rb:151:in `run!'
	/usr/local/rvm/gems/ruby-1.9.3-p194/gems/thin-1.3.1/bin/thin:6:in `<top (required)>'
	/usr/local/rvm/gems/ruby-1.9.3-p194/bin/thin:23:in `load'
	/usr/local/rvm/gems/ruby-1.9.3-p194/bin/thin:23:in `<main>'
>> Stopping ...
>> Exiting!
>> Writing PID to /vagrant/config/thin/tmp/thin.pid
>> Exiting!
/vagrant/lib/auth.rb:5:in `require': cannot load such file -- sqlite3 (LoadError)
	from /vagrant/lib/auth.rb:5:in `<top (required)>'
	from /vagrant/tasks.rb:8:in `require'
	from /vagrant/tasks.rb:8:in `<top (required)>'
	from /vagrant/config/thin/config.ru:1:in `require'
	from /vagrant/config/thin/config.ru:1:in `block in <main>'
	from /usr/local/rvm/gems/ruby-1.9.3-p194/gems/rack-1.4.1/lib/rack/builder.rb:51:in `instance_eval'
	from /usr/local/rvm/gems/ruby-1.9.3-p194/gems/rack-1.4.1/lib/rack/builder.rb:51:in `initialize'
	from /vagrant/config/thin/config.ru:1:in `new'
	from /vagrant/config/thin/config.ru:1:in `<main>'
	from /usr/local/rvm/gems/ruby-1.9.3-p194/gems/thin-1.3.1/lib/rack/adapter/loader.rb:36:in `eval'
	from /usr/local/rvm/gems/ruby-1.9.3-p194/gems/thin-1.3.1/lib/rack/adapter/loader.rb:36:in `load'
	from /usr/local/rvm/gems/ruby-1.9.3-p194/gems/thin-1.3.1/lib/thin/controllers/controller.rb:181:in `load_rackup_config'
	from /usr/local/rvm/gems/ruby-1.9.3-p194/gems/thin-1.3.1/lib/thin/controllers/controller.rb:71:in `start'
	from /usr/local/rvm/gems/ruby-1.9.3-p194/gems/thin-1.3.1/lib/thin/runner.rb:185:in `run_command'
	from /usr/local/rvm/gems/ruby-1.9.3-p194/gems/thin-1.3.1/lib/thin/runner.rb:151:in `run!'
	from /usr/local/rvm/gems/ruby-1.9.3-p194/gems/thin-1.3.1/bin/thin:6:in `<top (required)>'
	from /usr/local/rvm/gems/ruby-1.9.3-p194/bin/thin:23:in `load'
	from /usr/local/rvm/gems/ruby-1.9.3-p194/bin/thin:23:in `<main>'
>> Writing PID to /vagrant/config/thin/tmp/thin.pid
>> Thin web server (v1.3.1 codename Triple Espresso)
>> Maximum connections set to 1024
>> Listening on 0.0.0.0:4567, CTRL+C to stop
>> Stopping ...
>> Exiting!
>> Writing PID to /vagrant/config/thin/tmp/thin.pid
>> Thin web server (v1.3.1 codename Triple Espresso)
>> Maximum connections set to 1024
>> Listening on 0.0.0.0:4567, CTRL+C to stop
>> Stopping ...
>> Exiting!
>> Writing PID to /vagrant/config/thin/tmp/thin.pid
>> Thin web server (v1.3.1 codename Triple Espresso)
>> Maximum connections set to 1024
>> Listening on 0.0.0.0:4567, CTRL+C to stop
>> Stopping ...
>> Exiting!
>> Writing PID to /vagrant/config/thin/tmp/thin.pid
>> Thin web server (v1.3.1 codename Triple Espresso)
>> Maximum connections set to 1024
>> Listening on 0.0.0.0:4567, CTRL+C to stop
SyntaxError - /vagrant/templates/login.haml:9: syntax error, unexpected tLABEL
...er', width: '20%', padding-top: '45%')}>\n      <input#{_ham...
...                               ^
/vagrant/templates/login.haml:9: syntax error, unexpected ')', expecting '}'
...dth: '20%', padding-top: '45%')}>\n      <input#{_hamlout.ad...
...                               ^:
	/usr/local/rvm/gems/ruby-1.9.3-p194/gems/tilt-1.3.3/lib/tilt/template.rb:209:in `instance_eval'
	/usr/local/rvm/gems/ruby-1.9.3-p194/gems/tilt-1.3.3/lib/tilt/template.rb:209:in `evaluate_source'
	/usr/local/rvm/gems/ruby-1.9.3-p194/gems/tilt-1.3.3/lib/tilt/template.rb:144:in `cached_evaluate'
	/usr/local/rvm/gems/ruby-1.9.3-p194/gems/tilt-1.3.3/lib/tilt/template.rb:127:in `evaluate'
	/usr/local/rvm/gems/ruby-1.9.3-p194/gems/tilt-1.3.3/lib/tilt/haml.rb:24:in `evaluate'
	/usr/local/rvm/gems/ruby-1.9.3-p194/gems/tilt-1.3.3/lib/tilt/template.rb:76:in `render'
	/usr/local/rvm/gems/ruby-1.9.3-p194/gems/sinatra-1.3.2/lib/sinatra/base.rb:636:in `render'
	/usr/local/rvm/gems/ruby-1.9.3-p194/gems/sinatra-1.3.2/lib/sinatra/base.rb:532:in `haml'
	/vagrant/lib/auth.rb:9:in `block in <top (required)>'
	/usr/local/rvm/gems/ruby-1.9.3-p194/gems/sinatra-1.3.2/lib/sinatra/base.rb:1212:in `call'
	/usr/local/rvm/gems/ruby-1.9.3-p194/gems/sinatra-1.3.2/lib/sinatra/base.rb:1212:in `block in compile!'
	/usr/local/rvm/gems/ruby-1.9.3-p194/gems/sinatra-1.3.2/lib/sinatra/base.rb:785:in `[]'
	/usr/local/rvm/gems/ruby-1.9.3-p194/gems/sinatra-1.3.2/lib/sinatra/base.rb:785:in `block (3 levels) in route!'
	/usr/local/rvm/gems/ruby-1.9.3-p194/gems/sinatra-1.3.2/lib/sinatra/base.rb:801:in `route_eval'
	/usr/local/rvm/gems/ruby-1.9.3-p194/gems/sinatra-1.3.2/lib/sinatra/base.rb:785:in `block (2 levels) in route!'
	/usr/local/rvm/gems/ruby-1.9.3-p194/gems/sinatra-1.3.2/lib/sinatra/base.rb:822:in `block in process_route'
	/usr/local/rvm/gems/ruby-1.9.3-p194/gems/sinatra-1.3.2/lib/sinatra/base.rb:820:in `catch'
	/usr/local/rvm/gems/ruby-1.9.3-p194/gems/sinatra-1.3.2/lib/sinatra/base.rb:820:in `process_route'
	/usr/local/rvm/gems/ruby-1.9.3-p194/gems/sinatra-1.3.2/lib/sinatra/base.rb:784:in `block in route!'
	/usr/local/rvm/gems/ruby-1.9.3-p194/gems/sinatra-1.3.2/lib/sinatra/base.rb:783:in `each'
	/usr/local/rvm/gems/ruby-1.9.3-p194/gems/sinatra-1.3.2/lib/sinatra/base.rb:783:in `route!'
	/usr/local/rvm/gems/ruby-1.9.3-p194/gems/sinatra-1.3.2/lib/sinatra/base.rb:886:in `dispatch!'
	/usr/local/rvm/gems/ruby-1.9.3-p194/gems/sinatra-1.3.2/lib/sinatra/base.rb:719:in `block in call!'
	/usr/local/rvm/gems/ruby-1.9.3-p194/gems/sinatra-1.3.2/lib/sinatra/base.rb:871:in `block in invoke'
	/usr/local/rvm/gems/ruby-1.9.3-p194/gems/sinatra-1.3.2/lib/sinatra/base.rb:871:in `catch'
	/usr/local/rvm/gems/ruby-1.9.3-p194/gems/sinatra-1.3.2/lib/sinatra/base.rb:871:in `invoke'
	/usr/local/rvm/gems/ruby-1.9.3-p194/gems/sinatra-1.3.2/lib/sinatra/base.rb:719:in `call!'
	/usr/local/rvm/gems/ruby-1.9.3-p194/gems/sinatra-1.3.2/lib/sinatra/base.rb:705:in `call'
	/usr/local/rvm/gems/ruby-1.9.3-p194/gems/rack-protection-1.2.0/lib/rack/protection/xss_header.rb:22:in `call'
	/usr/local/rvm/gems/ruby-1.9.3-p194/gems/rack-protection-1.2.0/lib/rack/protection/base.rb:47:in `call'
	/usr/local/rvm/gems/ruby-1.9.3-p194/gems/rack-protection-1.2.0/lib/rack/protection/base.rb:47:in `call'
	/usr/local/rvm/gems/ruby-1.9.3-p194/gems/rack-protection-1.2.0/lib/rack/protection/path_traversal.rb:16:in `call'
	/usr/local/rvm/gems/ruby-1.9.3-p194/gems/rack-protection-1.2.0/lib/rack/protection/json_csrf.rb:17:in `call'
	/usr/local/rvm/gems/ruby-1.9.3-p194/gems/rack-protection-1.2.0/lib/rack/protection/base.rb:47:in `call'
	/usr/local/rvm/gems/ruby-1.9.3-p194/gems/rack-protection-1.2.0/lib/rack/protection/xss_header.rb:22:in `call'
	/usr/local/rvm/gems/ruby-1.9.3-p194/gems/rack-1.4.1/lib/rack/session/abstract/id.rb:205:in `context'
	/usr/local/rvm/gems/ruby-1.9.3-p194/gems/rack-1.4.1/lib/rack/session/abstract/id.rb:200:in `call'
	/usr/local/rvm/gems/ruby-1.9.3-p194/gems/rack-1.4.1/lib/rack/logger.rb:15:in `call'
	/usr/local/rvm/gems/ruby-1.9.3-p194/gems/rack-1.4.1/lib/rack/head.rb:9:in `call'
	/usr/local/rvm/gems/ruby-1.9.3-p194/gems/rack-1.4.1/lib/rack/methodoverride.rb:21:in `call'
	/usr/local/rvm/gems/ruby-1.9.3-p194/gems/sinatra-1.3.2/lib/sinatra/showexceptions.rb:21:in `call'
	/usr/local/rvm/gems/ruby-1.9.3-p194/gems/sinatra-1.3.2/lib/sinatra/base.rb:1334:in `block in call'
	/usr/local/rvm/gems/ruby-1.9.3-p194/gems/sinatra-1.3.2/lib/sinatra/base.rb:1416:in `synchronize'
	/usr/local/rvm/gems/ruby-1.9.3-p194/gems/sinatra-1.3.2/lib/sinatra/base.rb:1334:in `call'
	/usr/local/rvm/gems/ruby-1.9.3-p194/gems/thin-1.3.1/lib/thin/connection.rb:80:in `block in pre_process'
	/usr/local/rvm/gems/ruby-1.9.3-p194/gems/thin-1.3.1/lib/thin/connection.rb:78:in `catch'
	/usr/local/rvm/gems/ruby-1.9.3-p194/gems/thin-1.3.1/lib/thin/connection.rb:78:in `pre_process'
	/usr/local/rvm/gems/ruby-1.9.3-p194/gems/thin-1.3.1/lib/thin/connection.rb:53:in `process'
	/usr/local/rvm/gems/ruby-1.9.3-p194/gems/thin-1.3.1/lib/thin/connection.rb:38:in `receive_data'
	/usr/local/rvm/gems/ruby-1.9.3-p194/gems/eventmachine-0.12.10/lib/eventmachine.rb:256:in `run_machine'
	/usr/local/rvm/gems/ruby-1.9.3-p194/gems/eventmachine-0.12.10/lib/eventmachine.rb:256:in `run'
	/usr/local/rvm/gems/ruby-1.9.3-p194/gems/thin-1.3.1/lib/thin/backends/base.rb:61:in `start'
	/usr/local/rvm/gems/ruby-1.9.3-p194/gems/thin-1.3.1/lib/thin/server.rb:159:in `start'
	/usr/local/rvm/gems/ruby-1.9.3-p194/gems/thin-1.3.1/lib/thin/controllers/controller.rb:86:in `start'
	/usr/local/rvm/gems/ruby-1.9.3-p194/gems/thin-1.3.1/lib/thin/runner.rb:185:in `run_command'
	/usr/local/rvm/gems/ruby-1.9.3-p194/gems/thin-1.3.1/lib/thin/runner.rb:151:in `run!'
	/usr/local/rvm/gems/ruby-1.9.3-p194/gems/thin-1.3.1/bin/thin:6:in `<top (required)>'
	/usr/local/rvm/gems/ruby-1.9.3-p194/bin/thin:23:in `load'
	/usr/local/rvm/gems/ruby-1.9.3-p194/bin/thin:23:in `<main>'
SyntaxError - /vagrant/templates/login.haml:9: syntax error, unexpected tLABEL
...er', width: '20%', padding-top: '45%')}>\n      <input#{_ham...
...                               ^
/vagrant/templates/login.haml:9: syntax error, unexpected ')', expecting '}'
...dth: '20%', padding-top: '45%')}>\n      <input#{_hamlout.ad...
...                               ^:
	/usr/local/rvm/gems/ruby-1.9.3-p194/gems/tilt-1.3.3/lib/tilt/template.rb:209:in `instance_eval'
	/usr/local/rvm/gems/ruby-1.9.3-p194/gems/tilt-1.3.3/lib/tilt/template.rb:209:in `evaluate_source'
	/usr/local/rvm/gems/ruby-1.9.3-p194/gems/tilt-1.3.3/lib/tilt/template.rb:144:in `cached_evaluate'
	/usr/local/rvm/gems/ruby-1.9.3-p194/gems/tilt-1.3.3/lib/tilt/template.rb:127:in `evaluate'
	/usr/local/rvm/gems/ruby-1.9.3-p194/gems/tilt-1.3.3/lib/tilt/haml.rb:24:in `evaluate'
	/usr/local/rvm/gems/ruby-1.9.3-p194/gems/tilt-1.3.3/lib/tilt/template.rb:76:in `render'
	/usr/local/rvm/gems/ruby-1.9.3-p194/gems/sinatra-1.3.2/lib/sinatra/base.rb:636:in `render'
	/usr/local/rvm/gems/ruby-1.9.3-p194/gems/sinatra-1.3.2/lib/sinatra/base.rb:532:in `haml'
	/vagrant/lib/auth.rb:9:in `block in <top (required)>'
	/usr/local/rvm/gems/ruby-1.9.3-p194/gems/sinatra-1.3.2/lib/sinatra/base.rb:1212:in `call'
	/usr/local/rvm/gems/ruby-1.9.3-p194/gems/sinatra-1.3.2/lib/sinatra/base.rb:1212:in `block in compile!'
	/usr/local/rvm/gems/ruby-1.9.3-p194/gems/sinatra-1.3.2/lib/sinatra/base.rb:785:in `[]'
	/usr/local/rvm/gems/ruby-1.9.3-p194/gems/sinatra-1.3.2/lib/sinatra/base.rb:785:in `block (3 levels) in route!'
	/usr/local/rvm/gems/ruby-1.9.3-p194/gems/sinatra-1.3.2/lib/sinatra/base.rb:801:in `route_eval'
	/usr/local/rvm/gems/ruby-1.9.3-p194/gems/sinatra-1.3.2/lib/sinatra/base.rb:785:in `block (2 levels) in route!'
	/usr/local/rvm/gems/ruby-1.9.3-p194/gems/sinatra-1.3.2/lib/sinatra/base.rb:822:in `block in process_route'
	/usr/local/rvm/gems/ruby-1.9.3-p194/gems/sinatra-1.3.2/lib/sinatra/base.rb:820:in `catch'
	/usr/local/rvm/gems/ruby-1.9.3-p194/gems/sinatra-1.3.2/lib/sinatra/base.rb:820:in `process_route'
	/usr/local/rvm/gems/ruby-1.9.3-p194/gems/sinatra-1.3.2/lib/sinatra/base.rb:784:in `block in route!'
	/usr/local/rvm/gems/ruby-1.9.3-p194/gems/sinatra-1.3.2/lib/sinatra/base.rb:783:in `each'
	/usr/local/rvm/gems/ruby-1.9.3-p194/gems/sinatra-1.3.2/lib/sinatra/base.rb:783:in `route!'
	/usr/local/rvm/gems/ruby-1.9.3-p194/gems/sinatra-1.3.2/lib/sinatra/base.rb:886:in `dispatch!'
	/usr/local/rvm/gems/ruby-1.9.3-p194/gems/sinatra-1.3.2/lib/sinatra/base.rb:719:in `block in call!'
	/usr/local/rvm/gems/ruby-1.9.3-p194/gems/sinatra-1.3.2/lib/sinatra/base.rb:871:in `block in invoke'
	/usr/local/rvm/gems/ruby-1.9.3-p194/gems/sinatra-1.3.2/lib/sinatra/base.rb:871:in `catch'
	/usr/local/rvm/gems/ruby-1.9.3-p194/gems/sinatra-1.3.2/lib/sinatra/base.rb:871:in `invoke'
	/usr/local/rvm/gems/ruby-1.9.3-p194/gems/sinatra-1.3.2/lib/sinatra/base.rb:719:in `call!'
	/usr/local/rvm/gems/ruby-1.9.3-p194/gems/sinatra-1.3.2/lib/sinatra/base.rb:705:in `call'
	/usr/local/rvm/gems/ruby-1.9.3-p194/gems/rack-protection-1.2.0/lib/rack/protection/xss_header.rb:22:in `call'
	/usr/local/rvm/gems/ruby-1.9.3-p194/gems/rack-protection-1.2.0/lib/rack/protection/base.rb:47:in `call'
	/usr/local/rvm/gems/ruby-1.9.3-p194/gems/rack-protection-1.2.0/lib/rack/protection/base.rb:47:in `call'
	/usr/local/rvm/gems/ruby-1.9.3-p194/gems/rack-protection-1.2.0/lib/rack/protection/path_traversal.rb:16:in `call'
	/usr/local/rvm/gems/ruby-1.9.3-p194/gems/rack-protection-1.2.0/lib/rack/protection/json_csrf.rb:17:in `call'
	/usr/local/rvm/gems/ruby-1.9.3-p194/gems/rack-protection-1.2.0/lib/rack/protection/base.rb:47:in `call'
	/usr/local/rvm/gems/ruby-1.9.3-p194/gems/rack-protection-1.2.0/lib/rack/protection/xss_header.rb:22:in `call'
	/usr/local/rvm/gems/ruby-1.9.3-p194/gems/rack-1.4.1/lib/rack/session/abstract/id.rb:205:in `context'
	/usr/local/rvm/gems/ruby-1.9.3-p194/gems/rack-1.4.1/lib/rack/session/abstract/id.rb:200:in `call'
	/usr/local/rvm/gems/ruby-1.9.3-p194/gems/rack-1.4.1/lib/rack/logger.rb:15:in `call'
	/usr/local/rvm/gems/ruby-1.9.3-p194/gems/rack-1.4.1/lib/rack/head.rb:9:in `call'
	/usr/local/rvm/gems/ruby-1.9.3-p194/gems/rack-1.4.1/lib/rack/methodoverride.rb:21:in `call'
	/usr/local/rvm/gems/ruby-1.9.3-p194/gems/sinatra-1.3.2/lib/sinatra/showexceptions.rb:21:in `call'
	/usr/local/rvm/gems/ruby-1.9.3-p194/gems/sinatra-1.3.2/lib/sinatra/base.rb:1334:in `block in call'
	/usr/local/rvm/gems/ruby-1.9.3-p194/gems/sinatra-1.3.2/lib/sinatra/base.rb:1416:in `synchronize'
	/usr/local/rvm/gems/ruby-1.9.3-p194/gems/sinatra-1.3.2/lib/sinatra/base.rb:1334:in `call'
	/usr/local/rvm/gems/ruby-1.9.3-p194/gems/thin-1.3.1/lib/thin/connection.rb:80:in `block in pre_process'
	/usr/local/rvm/gems/ruby-1.9.3-p194/gems/thin-1.3.1/lib/thin/connection.rb:78:in `catch'
	/usr/local/rvm/gems/ruby-1.9.3-p194/gems/thin-1.3.1/lib/thin/connection.rb:78:in `pre_process'
	/usr/local/rvm/gems/ruby-1.9.3-p194/gems/thin-1.3.1/lib/thin/connection.rb:53:in `process'
	/usr/local/rvm/gems/ruby-1.9.3-p194/gems/thin-1.3.1/lib/thin/connection.rb:38:in `receive_data'
	/usr/local/rvm/gems/ruby-1.9.3-p194/gems/eventmachine-0.12.10/lib/eventmachine.rb:256:in `run_machine'
	/usr/local/rvm/gems/ruby-1.9.3-p194/gems/eventmachine-0.12.10/lib/eventmachine.rb:256:in `run'
	/usr/local/rvm/gems/ruby-1.9.3-p194/gems/thin-1.3.1/lib/thin/backends/base.rb:61:in `start'
	/usr/local/rvm/gems/ruby-1.9.3-p194/gems/thin-1.3.1/lib/thin/server.rb:159:in `start'
	/usr/local/rvm/gems/ruby-1.9.3-p194/gems/thin-1.3.1/lib/thin/controllers/controller.rb:86:in `start'
	/usr/local/rvm/gems/ruby-1.9.3-p194/gems/thin-1.3.1/lib/thin/runner.rb:185:in `run_command'
	/usr/local/rvm/gems/ruby-1.9.3-p194/gems/thin-1.3.1/lib/thin/runner.rb:151:in `run!'
	/usr/local/rvm/gems/ruby-1.9.3-p194/gems/thin-1.3.1/bin/thin:6:in `<top (required)>'
	/usr/local/rvm/gems/ruby-1.9.3-p194/bin/thin:23:in `load'
	/usr/local/rvm/gems/ruby-1.9.3-p194/bin/thin:23:in `<main>'
SyntaxError - /vagrant/templates/login.haml:9: syntax error, unexpected tLABEL
...er', width: '20%', padding-top: '45%')}>\n      <input#{_ham...
...                               ^
/vagrant/templates/login.haml:9: syntax error, unexpected ')', expecting '}'
...dth: '20%', padding-top: '45%')}>\n      <input#{_hamlout.ad...
...                               ^:
	/usr/local/rvm/gems/ruby-1.9.3-p194/gems/tilt-1.3.3/lib/tilt/template.rb:209:in `instance_eval'
	/usr/local/rvm/gems/ruby-1.9.3-p194/gems/tilt-1.3.3/lib/tilt/template.rb:209:in `evaluate_source'
	/usr/local/rvm/gems/ruby-1.9.3-p194/gems/tilt-1.3.3/lib/tilt/template.rb:144:in `cached_evaluate'
	/usr/local/rvm/gems/ruby-1.9.3-p194/gems/tilt-1.3.3/lib/tilt/template.rb:127:in `evaluate'
	/usr/local/rvm/gems/ruby-1.9.3-p194/gems/tilt-1.3.3/lib/tilt/haml.rb:24:in `evaluate'
	/usr/local/rvm/gems/ruby-1.9.3-p194/gems/tilt-1.3.3/lib/tilt/template.rb:76:in `render'
	/usr/local/rvm/gems/ruby-1.9.3-p194/gems/sinatra-1.3.2/lib/sinatra/base.rb:636:in `render'
	/usr/local/rvm/gems/ruby-1.9.3-p194/gems/sinatra-1.3.2/lib/sinatra/base.rb:532:in `haml'
	/vagrant/lib/auth.rb:9:in `block in <top (required)>'
	/usr/local/rvm/gems/ruby-1.9.3-p194/gems/sinatra-1.3.2/lib/sinatra/base.rb:1212:in `call'
	/usr/local/rvm/gems/ruby-1.9.3-p194/gems/sinatra-1.3.2/lib/sinatra/base.rb:1212:in `block in compile!'
	/usr/local/rvm/gems/ruby-1.9.3-p194/gems/sinatra-1.3.2/lib/sinatra/base.rb:785:in `[]'
	/usr/local/rvm/gems/ruby-1.9.3-p194/gems/sinatra-1.3.2/lib/sinatra/base.rb:785:in `block (3 levels) in route!'
	/usr/local/rvm/gems/ruby-1.9.3-p194/gems/sinatra-1.3.2/lib/sinatra/base.rb:801:in `route_eval'
	/usr/local/rvm/gems/ruby-1.9.3-p194/gems/sinatra-1.3.2/lib/sinatra/base.rb:785:in `block (2 levels) in route!'
	/usr/local/rvm/gems/ruby-1.9.3-p194/gems/sinatra-1.3.2/lib/sinatra/base.rb:822:in `block in process_route'
	/usr/local/rvm/gems/ruby-1.9.3-p194/gems/sinatra-1.3.2/lib/sinatra/base.rb:820:in `catch'
	/usr/local/rvm/gems/ruby-1.9.3-p194/gems/sinatra-1.3.2/lib/sinatra/base.rb:820:in `process_route'
	/usr/local/rvm/gems/ruby-1.9.3-p194/gems/sinatra-1.3.2/lib/sinatra/base.rb:784:in `block in route!'
	/usr/local/rvm/gems/ruby-1.9.3-p194/gems/sinatra-1.3.2/lib/sinatra/base.rb:783:in `each'
	/usr/local/rvm/gems/ruby-1.9.3-p194/gems/sinatra-1.3.2/lib/sinatra/base.rb:783:in `route!'
	/usr/local/rvm/gems/ruby-1.9.3-p194/gems/sinatra-1.3.2/lib/sinatra/base.rb:886:in `dispatch!'
	/usr/local/rvm/gems/ruby-1.9.3-p194/gems/sinatra-1.3.2/lib/sinatra/base.rb:719:in `block in call!'
	/usr/local/rvm/gems/ruby-1.9.3-p194/gems/sinatra-1.3.2/lib/sinatra/base.rb:871:in `block in invoke'
	/usr/local/rvm/gems/ruby-1.9.3-p194/gems/sinatra-1.3.2/lib/sinatra/base.rb:871:in `catch'
	/usr/local/rvm/gems/ruby-1.9.3-p194/gems/sinatra-1.3.2/lib/sinatra/base.rb:871:in `invoke'
	/usr/local/rvm/gems/ruby-1.9.3-p194/gems/sinatra-1.3.2/lib/sinatra/base.rb:719:in `call!'
	/usr/local/rvm/gems/ruby-1.9.3-p194/gems/sinatra-1.3.2/lib/sinatra/base.rb:705:in `call'
	/usr/local/rvm/gems/ruby-1.9.3-p194/gems/rack-protection-1.2.0/lib/rack/protection/xss_header.rb:22:in `call'
	/usr/local/rvm/gems/ruby-1.9.3-p194/gems/rack-protection-1.2.0/lib/rack/protection/base.rb:47:in `call'
	/usr/local/rvm/gems/ruby-1.9.3-p194/gems/rack-protection-1.2.0/lib/rack/protection/base.rb:47:in `call'
	/usr/local/rvm/gems/ruby-1.9.3-p194/gems/rack-protection-1.2.0/lib/rack/protection/path_traversal.rb:16:in `call'
	/usr/local/rvm/gems/ruby-1.9.3-p194/gems/rack-protection-1.2.0/lib/rack/protection/json_csrf.rb:17:in `call'
	/usr/local/rvm/gems/ruby-1.9.3-p194/gems/rack-protection-1.2.0/lib/rack/protection/base.rb:47:in `call'
	/usr/local/rvm/gems/ruby-1.9.3-p194/gems/rack-protection-1.2.0/lib/rack/protection/xss_header.rb:22:in `call'
	/usr/local/rvm/gems/ruby-1.9.3-p194/gems/rack-1.4.1/lib/rack/session/abstract/id.rb:205:in `context'
	/usr/local/rvm/gems/ruby-1.9.3-p194/gems/rack-1.4.1/lib/rack/session/abstract/id.rb:200:in `call'
	/usr/local/rvm/gems/ruby-1.9.3-p194/gems/rack-1.4.1/lib/rack/logger.rb:15:in `call'
	/usr/local/rvm/gems/ruby-1.9.3-p194/gems/rack-1.4.1/lib/rack/head.rb:9:in `call'
	/usr/local/rvm/gems/ruby-1.9.3-p194/gems/rack-1.4.1/lib/rack/methodoverride.rb:21:in `call'
	/usr/local/rvm/gems/ruby-1.9.3-p194/gems/sinatra-1.3.2/lib/sinatra/showexceptions.rb:21:in `call'
	/usr/local/rvm/gems/ruby-1.9.3-p194/gems/sinatra-1.3.2/lib/sinatra/base.rb:1334:in `block in call'
	/usr/local/rvm/gems/ruby-1.9.3-p194/gems/sinatra-1.3.2/lib/sinatra/base.rb:1416:in `synchronize'
	/usr/local/rvm/gems/ruby-1.9.3-p194/gems/sinatra-1.3.2/lib/sinatra/base.rb:1334:in `call'
	/usr/local/rvm/gems/ruby-1.9.3-p194/gems/thin-1.3.1/lib/thin/connection.rb:80:in `block in pre_process'
	/usr/local/rvm/gems/ruby-1.9.3-p194/gems/thin-1.3.1/lib/thin/connection.rb:78:in `catch'
	/usr/local/rvm/gems/ruby-1.9.3-p194/gems/thin-1.3.1/lib/thin/connection.rb:78:in `pre_process'
	/usr/local/rvm/gems/ruby-1.9.3-p194/gems/thin-1.3.1/lib/thin/connection.rb:53:in `process'
	/usr/local/rvm/gems/ruby-1.9.3-p194/gems/thin-1.3.1/lib/thin/connection.rb:38:in `receive_data'
	/usr/local/rvm/gems/ruby-1.9.3-p194/gems/eventmachine-0.12.10/lib/eventmachine.rb:256:in `run_machine'
	/usr/local/rvm/gems/ruby-1.9.3-p194/gems/eventmachine-0.12.10/lib/eventmachine.rb:256:in `run'
	/usr/local/rvm/gems/ruby-1.9.3-p194/gems/thin-1.3.1/lib/thin/backends/base.rb:61:in `start'
	/usr/local/rvm/gems/ruby-1.9.3-p194/gems/thin-1.3.1/lib/thin/server.rb:159:in `start'
	/usr/local/rvm/gems/ruby-1.9.3-p194/gems/thin-1.3.1/lib/thin/controllers/controller.rb:86:in `start'
	/usr/local/rvm/gems/ruby-1.9.3-p194/gems/thin-1.3.1/lib/thin/runner.rb:185:in `run_command'
	/usr/local/rvm/gems/ruby-1.9.3-p194/gems/thin-1.3.1/lib/thin/runner.rb:151:in `run!'
	/usr/local/rvm/gems/ruby-1.9.3-p194/gems/thin-1.3.1/bin/thin:6:in `<top (required)>'
	/usr/local/rvm/gems/ruby-1.9.3-p194/bin/thin:23:in `load'
	/usr/local/rvm/gems/ruby-1.9.3-p194/bin/thin:23:in `<main>'
WARNING on line 61 of /vagrant/tasks.rb:
This selector doesn't have any properties and will not be rendered.
WARNING on line 61 of /vagrant/tasks.rb:
This selector doesn't have any properties and will not be rendered.
{"splat"=>[], "captures"=>["main"], "file"=>"main"}
{"splat"=>[], "captures"=>["main"], "file"=>"main"}
{"splat"=>[], "captures"=>["auth"], "file"=>"auth"}
>> Exiting!
